Log file open, 02/26/22 19:23:44
LogWindows: Failed to load 'aqProf.dll' (GetLastError=126)
LogWindows: File 'aqProf.dll' does not exist
LogWindows: Failed to load 'VtuneApi.dll' (GetLastError=126)
LogWindows: File 'VtuneApi.dll' does not exist
LogWindows: Failed to load 'VtuneApi32e.dll' (GetLastError=126)
LogWindows: File 'VtuneApi32e.dll' does not exist
LogConsoleResponse: Display: Failed to find resolution value strings in scalability ini. Falling back to default.
LogConsoleResponse: Display: Failed to find resolution value strings in scalability ini. Falling back to default.
LogInit: Display: Running engine for game: GameJam
LogPlatformFile: Not using cached read wrapper
LogTaskGraph: Started task graph with 5 named threads and 23 total threads with 3 sets of task threads.
LogStats: Stats thread started at 0.165220
LogICUInternationalization: ICU TimeZone Detection - Raw Offset: +3:00, Platform Override: ''
LogInit: Display: Loading text-based GConfig....
LogPluginManager: Mounting plugin MeshPainting
LogPluginManager: Mounting plugin XGEController
LogPluginManager: Mounting plugin Paper2D
LogPluginManager: Mounting plugin AISupport
LogPluginManager: Mounting plugin EnvironmentQueryEditor
LogPluginManager: Mounting plugin LightPropagationVolume
LogPluginManager: Mounting plugin CameraShakePreviewer
LogPluginManager: Mounting plugin LiveLink
LogPluginManager: Mounting plugin GameplayCameras
LogPluginManager: Mounting plugin AnimationSharing
LogPluginManager: Mounting plugin CLionSourceCodeAccess
LogPluginManager: Mounting plugin CodeLiteSourceCodeAccess
LogPluginManager: Mounting plugin GitSourceControl
LogPluginManager: Mounting plugin KDevelopSourceCodeAccess
LogPluginManager: Mounting plugin NullSourceCodeAccess
LogPluginManager: Mounting plugin PerforceSourceControl
LogPluginManager: Mounting plugin PlasticSourceControl
LogPluginManager: Mounting plugin PluginUtils
LogPluginManager: Mounting plugin PixWinPlugin
LogPluginManager: Mounting plugin PropertyAccessNode
LogPluginManager: Mounting plugin RiderSourceCodeAccess
LogPluginManager: Mounting plugin TextureFormatOodle
LogPluginManager: Mounting plugin UObjectPlugin
LogPluginManager: Mounting plugin SubversionSourceControl
LogPluginManager: Mounting plugin VisualStudioSourceCodeAccess
LogPluginManager: Mounting plugin VisualStudioCodeSourceCodeAccess
LogPluginManager: Mounting plugin XCodeSourceCodeAccess
LogPluginManager: Mounting plugin AssetManagerEditor
LogPluginManager: Mounting plugin DataValidation
LogPluginManager: Mounting plugin CurveEditorTools
LogPluginManager: Mounting plugin CryptoKeys
LogPluginManager: Mounting plugin FacialAnimation
LogPluginManager: Mounting plugin GameplayTagsEditor
LogPluginManager: Mounting plugin GeometryMode
LogPluginManager: Mounting plugin MacGraphicsSwitching
LogPluginManager: Mounting plugin MaterialAnalyzer
LogPluginManager: Mounting plugin PluginBrowser
LogPluginManager: Mounting plugin MobileLauncherProfileWizard
LogPluginManager: Mounting plugin SpeedTreeImporter
LogPluginManager: Mounting plugin AlembicImporter
LogPluginManager: Mounting plugin AutomationUtils
LogPluginManager: Mounting plugin BackChannel
LogPluginManager: Mounting plugin ChaosCloth
LogPluginManager: Mounting plugin ChaosClothEditor
LogPluginManager: Mounting plugin ChaosEditor
LogPluginManager: Mounting plugin ChaosNiagara
LogPluginManager: Mounting plugin ChaosSolverPlugin
LogPluginManager: Mounting plugin CharacterAI
LogPluginManager: Mounting plugin GeometryCache
LogPluginManager: Mounting plugin GeometryProcessing
LogPluginManager: Mounting plugin GeometryCollectionPlugin
LogPluginManager: Mounting plugin MotoSynth
LogPluginManager: Mounting plugin PlanarCut
LogPluginManager: Mounting plugin PlatformCrypto
LogPluginManager: Mounting plugin OpenImageDenoise
LogPluginManager: Mounting plugin ProxyLODPlugin
LogPluginManager: Mounting plugin PythonScriptPlugin
LogPluginManager: Mounting plugin SkeletalReduction
LogPluginManager: Mounting plugin Niagara
LogPluginManager: Mounting plugin DatasmithContent
LogPluginManager: Mounting plugin VariantManagerContent
LogPluginManager: Mounting plugin OodleData
LogPluginManager: Mounting plugin LuminPlatformFeatures
LogPluginManager: Mounting plugin MagicLeap
LogPluginManager: Mounting plugin MagicLeapLightEstimation
LogPluginManager: Mounting plugin MagicLeapMedia
LogPluginManager: Mounting plugin MagicLeapPassableWorld
LogPluginManager: Mounting plugin MLSDK
LogPluginManager: Mounting plugin OodleNetwork
LogPluginManager: Mounting plugin TcpMessaging
LogPluginManager: Mounting plugin UdpMessaging
LogPluginManager: Mounting plugin ActorSequence
LogPluginManager: Mounting plugin LevelSequenceEditor
LogPluginManager: Mounting plugin MatineeToLevelSequence
LogPluginManager: Mounting plugin TemplateSequence
LogPluginManager: Mounting plugin OnlineSubsystem
LogPluginManager: Mounting plugin OnlineSubsystemNull
LogPluginManager: Mounting plugin OnlineSubsystemUtils
LogPluginManager: Mounting plugin LauncherChunkInstaller
LogPluginManager: Mounting plugin ActorLayerUtilities
LogPluginManager: Mounting plugin AndroidDeviceProfileSelector
LogPluginManager: Mounting plugin AndroidMoviePlayer
LogPluginManager: Mounting plugin AndroidPermission
LogPluginManager: Mounting plugin AppleImageUtils
LogPluginManager: Mounting plugin AppleMoviePlayer
LogPluginManager: Mounting plugin ArchVisCharacter
LogPluginManager: Mounting plugin AssetTags
LogPluginManager: Mounting plugin AudioCapture
LogPluginManager: Mounting plugin AudioSynesthesia
LogPluginManager: Mounting plugin CableComponent
LogPluginManager: Mounting plugin ChunkDownloader
LogPluginManager: Mounting plugin CustomMeshComponent
LogPluginManager: Mounting plugin EditableMesh
LogPluginManager: Mounting plugin ExampleDeviceProfileSelector
LogPluginManager: Mounting plugin GoogleCloudMessaging
LogPluginManager: Mounting plugin GooglePAD
LogPluginManager: Mounting plugin IOSDeviceProfileSelector
LogPluginManager: Mounting plugin LinuxDeviceProfileSelector
LogPluginManager: Mounting plugin LocationServicesBPLibrary
LogPluginManager: Mounting plugin MobilePatchingUtils
LogPluginManager: Mounting plugin OpenXREyeTracker
LogPluginManager: Mounting plugin OpenXR
LogPluginManager: Mounting plugin OpenXRHandTracking
LogPluginManager: Mounting plugin PhysXVehicles
LogPluginManager: Mounting plugin AndroidMedia
LogPluginManager: Mounting plugin AvfMedia
LogPluginManager: Mounting plugin ImgMedia
LogPluginManager: Mounting plugin MediaCompositing
LogPluginManager: Mounting plugin MediaPlayerEditor
LogPluginManager: Mounting plugin PostSplashScreen
LogPluginManager: Mounting plugin WebMMedia
LogPluginManager: Mounting plugin WmfMedia
LogPluginManager: Mounting plugin ProceduralMeshComponent
LogPluginManager: Mounting plugin PropertyAccessEditor
LogPluginManager: Mounting plugin RuntimePhysXCooking
LogPluginManager: Mounting plugin SignificanceManager
LogPluginManager: Mounting plugin SoundFields
LogPluginManager: Mounting plugin Synthesis
LogPluginManager: Mounting plugin WebMMoviePlayer
LogPluginManager: Mounting plugin WindowsMoviePlayer
LogPluginManager: Mounting plugin ScreenshotTools
LogPluginManager: Mounting plugin Takes
LogPluginManager: Mounting plugin ContentBrowserClassDataSource
LogPluginManager: Mounting plugin ContentBrowserFileDataSource
LogPluginManager: Mounting plugin ContentBrowserAssetDataSource
LogPluginManager: Mounting plugin OnlineSubsystemGooglePlay
LogPluginManager: Mounting plugin OnlineSubsystemIOS
LogPluginManager: Mounting plugin OculusVR
LogPluginManager: Mounting plugin SteamVR
PixWinPlugin: PIX capture plugin failed to initialize! Check that the process is launched from PIX.
LogInit: Using libcurl 7.55.1-DEV
LogInit:  - built for x86_64-pc-win32
LogInit:  - supports SSL with OpenSSL/1.1.1
LogInit:  - supports HTTP deflate (compression) using libz 1.2.8
LogInit:  - other features:
LogInit:      CURL_VERSION_SSL
LogInit:      CURL_VERSION_LIBZ
LogInit:      CURL_VERSION_IPV6
LogInit:      CURL_VERSION_ASYNCHDNS
LogInit:      CURL_VERSION_LARGEFILE
LogInit:      CURL_VERSION_IDN
LogInit:  CurlRequestOptions (configurable via config and command line):
LogInit:  - bVerifyPeer = true  - Libcurl will verify peer certificate
LogInit:  - bUseHttpProxy = false  - Libcurl will NOT use HTTP proxy
LogInit:  - bDontReuseConnections = false  - Libcurl will reuse connections
LogInit:  - MaxHostConnections = 16  - Libcurl will limit the number of connections to a host
LogInit:  - LocalHostAddr = Default
LogInit:  - BufferSize = 65536
LogOnline: OSS: Creating online subsystem instance for: NULL
LogInit: WinSock: version 1.1 (2.2), MaxSocks=32767, MaxUdp=65467
LogOnline: OSS: TryLoadSubsystemAndSetDefault: Loaded subsystem for module [NULL]
LogOculusPluginWrapper: OculusPlugin initialized successfully
LogHMD: Failed initializing OVRPlugin 1.59.0
LogInit: Build: ++UE4+Release-4.27-CL-18319896
LogInit: Engine Version: 4.27.2-18319896+++UE4+Release-4.27
LogInit: Compatible Engine Version: 4.27.0-17155196+++UE4+Release-4.27
LogInit: Net CL: 17155196
LogInit: OS: Windows 8.1 (), CPU: Intel(R) Core(TM) i7-6700K CPU @ 4.00GHz, GPU: NVIDIA GeForce GTX 750 Ti
LogInit: Compiled (64-bit): Nov 30 2021 07:12:08
LogInit: Compiled with Visual C++: 19.24.28315.00
LogInit: Build Configuration: Development
LogInit: Branch Name: ++UE4+Release-4.27
LogInit: Command Line: 
LogInit: Base Directory: D:/Program Files/EGS/Epic Games/UE_4.27/Engine/Binaries/Win64/
LogInit: Allocator: TBB
LogInit: Installed Engine Build: 1
LogDevObjectVersion: Number of dev versions registered: 29
LogDevObjectVersion:   Dev-Blueprints (B0D832E4-1F89-4F0D-ACCF-7EB736FD4AA2): 10
LogDevObjectVersion:   Dev-Build (E1C64328-A22C-4D53-A36C-8E866417BD8C): 0
LogDevObjectVersion:   Dev-Core (375EC13C-06E4-48FB-B500-84F0262A717E): 4
LogDevObjectVersion:   Dev-Editor (E4B068ED-F494-42E9-A231-DA0B2E46BB41): 40
LogDevObjectVersion:   Dev-Framework (CFFC743F-43B0-4480-9391-14DF171D2073): 37
LogDevObjectVersion:   Dev-Mobile (B02B49B5-BB20-44E9-A304-32B752E40360): 3
LogDevObjectVersion:   Dev-Networking (A4E4105C-59A1-49B5-A7C5-40C4547EDFEE): 0
LogDevObjectVersion:   Dev-Online (39C831C9-5AE6-47DC-9A44-9C173E1C8E7C): 0
LogDevObjectVersion:   Dev-Physics (78F01B33-EBEA-4F98-B9B4-84EACCB95AA2): 14
LogDevObjectVersion:   Dev-Platform (6631380F-2D4D-43E0-8009-CF276956A95A): 0
LogDevObjectVersion:   Dev-Rendering (12F88B9F-8875-4AFC-A67C-D90C383ABD29): 45
LogDevObjectVersion:   Dev-Sequencer (7B5AE74C-D270-4C10-A958-57980B212A5A): 13
LogDevObjectVersion:   Dev-VR (D7296918-1DD6-4BDD-9DE2-64A83CC13884): 3
LogDevObjectVersion:   Dev-LoadTimes (C2A15278-BFE7-4AFE-6C17-90FF531DF755): 1
LogDevObjectVersion:   Private-Geometry (6EACA3D4-40EC-4CC1-B786-8BED09428FC5): 3
LogDevObjectVersion:   Dev-AnimPhys (29E575DD-E0A3-4627-9D10-D276232CDCEA): 17
LogDevObjectVersion:   Dev-Anim (AF43A65D-7FD3-4947-9873-3E8ED9C1BB05): 15
LogDevObjectVersion:   Dev-ReflectionCapture (6B266CEC-1EC7-4B8F-A30B-E4D90942FC07): 1
LogDevObjectVersion:   Dev-Automation (0DF73D61-A23F-47EA-B727-89E90C41499A): 1
LogDevObjectVersion:   FortniteMain (601D1886-AC64-4F84-AA16-D3DE0DEAC7D6): 47
LogDevObjectVersion:   FortniteRelease (E7086368-6B23-4C58-8439-1B7016265E91): 1
LogDevObjectVersion:   Dev-Enterprise (9DFFBCD6-494F-0158-E221-12823C92A888): 10
LogDevObjectVersion:   Dev-Niagara (F2AED0AC-9AFE-416F-8664-AA7FFA26D6FC): 1
LogDevObjectVersion:   Dev-Destruction (174F1F0B-B4C6-45A5-B13F-2EE8D0FB917D): 10
LogDevObjectVersion:   Dev-Physics-Ext (35F94A83-E258-406C-A318-09F59610247C): 41
LogDevObjectVersion:   Dev-PhysicsMaterial-Chaos (B68FC16E-8B1B-42E2-B453-215C058844FE): 1
LogDevObjectVersion:   Dev-CineCamera (B2E18506-4273-CFC2-A54E-F4BB758BBA07): 1
LogDevObjectVersion:   Dev-VirtualProduction (64F58936-FD1B-42BA-BA96-7289D5D0FA4E): 1
LogDevObjectVersion:   Dev-MediaFramework (6F0ED827-A609-4895-9C91-998D90180EA4): 2
LogInit: Presizing for max 25165824 objects, including 0 objects not considered by GC, pre-allocating 0 bytes for permanent pool.
LogConfig: Applying CVar settings from Section [/Script/Engine.StreamingSettings] File [D:/Gjam/1/GameJam/Saved/Config/Windows/Engine.ini]
LogConfig: Setting CVar [[s.MinBulkDataSizeForAsyncLoading:131072]]
LogConfig: Setting CVar [[s.AsyncLoadingThreadEnabled:0]]
LogConfig: Setting CVar [[s.EventDrivenLoaderEnabled:1]]
LogConfig: Setting CVar [[s.WarnIfTimeLimitExceeded:0]]
LogConfig: Setting CVar [[s.TimeLimitExceededMultiplier:1.5]]
LogConfig: Setting CVar [[s.TimeLimitExceededMinTime:0.005]]
LogConfig: Setting CVar [[s.UseBackgroundLevelStreaming:1]]
LogConfig: Setting CVar [[s.PriorityAsyncLoadingExtraTime:15.0]]
LogConfig: Setting CVar [[s.LevelStreamingActorsUpdateTimeLimit:5.0]]
LogConfig: Setting CVar [[s.PriorityLevelStreamingActorsUpdateExtraTime:5.0]]
LogConfig: Setting CVar [[s.LevelStreamingComponentsRegistrationGranularity:10]]
LogConfig: Setting CVar [[s.UnregisterComponentsTimeLimit:1.0]]
LogConfig: Setting CVar [[s.LevelStreamingComponentsUnregistrationGranularity:5]]
LogConfig: Setting CVar [[s.FlushStreamingOnExit:1]]
LogInit: Object subsystem initialized
LogConfig: Setting CVar [[con.DebugEarlyDefault:1]]
LogConfig: Setting CVar [[r.setres:1280x720]]
[2022.02.26-16.23.44:710][  0]LogConfig: Setting CVar [[r.VSync:0]]
[2022.02.26-16.23.44:710][  0]LogConfig: Setting CVar [[r.RHICmdBypass:0]]
[2022.02.26-16.23.44:710][  0]LogConfig: Applying CVar settings from Section [/Script/Engine.RendererSettings] File [D:/Gjam/1/GameJam/Saved/Config/Windows/Engine.ini]
[2022.02.26-16.23.44:710][  0]LogConfig: Setting CVar [[r.GPUCrashDebugging:0]]
[2022.02.26-16.23.44:710][  0]LogConfig: Applying CVar settings from Section [/Script/Engine.RendererOverrideSettings] File [D:/Gjam/1/GameJam/Saved/Config/Windows/Engine.ini]
[2022.02.26-16.23.44:710][  0]LogConfig: Applying CVar settings from Section [/Script/Engine.StreamingSettings] File [D:/Gjam/1/GameJam/Saved/Config/Windows/Engine.ini]
[2022.02.26-16.23.44:710][  0]LogConfig: Setting CVar [[s.MinBulkDataSizeForAsyncLoading:131072]]
[2022.02.26-16.23.44:710][  0]LogConfig: Setting CVar [[s.AsyncLoadingThreadEnabled:0]]
[2022.02.26-16.23.44:710][  0]LogConfig: Setting CVar [[s.EventDrivenLoaderEnabled:1]]
[2022.02.26-16.23.44:710][  0]LogConfig: Setting CVar [[s.WarnIfTimeLimitExceeded:0]]
[2022.02.26-16.23.44:710][  0]LogConfig: Setting CVar [[s.TimeLimitExceededMultiplier:1.5]]
[2022.02.26-16.23.44:710][  0]LogConfig: Setting CVar [[s.TimeLimitExceededMinTime:0.005]]
[2022.02.26-16.23.44:710][  0]LogConfig: Setting CVar [[s.UseBackgroundLevelStreaming:1]]
[2022.02.26-16.23.44:710][  0]LogConfig: Setting CVar [[s.PriorityAsyncLoadingExtraTime:15.0]]
[2022.02.26-16.23.44:710][  0]LogConfig: Setting CVar [[s.LevelStreamingActorsUpdateTimeLimit:5.0]]
[2022.02.26-16.23.44:710][  0]LogConfig: Setting CVar [[s.PriorityLevelStreamingActorsUpdateExtraTime:5.0]]
[2022.02.26-16.23.44:710][  0]LogConfig: Setting CVar [[s.LevelStreamingComponentsRegistrationGranularity:10]]
[2022.02.26-16.23.44:710][  0]LogConfig: Setting CVar [[s.UnregisterComponentsTimeLimit:1.0]]
[2022.02.26-16.23.44:710][  0]LogConfig: Setting CVar [[s.LevelStreamingComponentsUnregistrationGranularity:5]]
[2022.02.26-16.23.44:710][  0]LogConfig: Setting CVar [[s.FlushStreamingOnExit:1]]
[2022.02.26-16.23.44:710][  0]LogConfig: Applying CVar settings from Section [/Script/Engine.GarbageCollectionSettings] File [D:/Gjam/1/GameJam/Saved/Config/Windows/Engine.ini]
[2022.02.26-16.23.44:710][  0]LogConfig: Setting CVar [[gc.MaxObjectsNotConsideredByGC:1]]
[2022.02.26-16.23.44:710][  0]LogConfig: Setting CVar [[gc.SizeOfPermanentObjectPool:0]]
[2022.02.26-16.23.44:710][  0]LogConfig: Setting CVar [[gc.FlushStreamingOnGC:0]]
[2022.02.26-16.23.44:710][  0]LogConfig: Setting CVar [[gc.NumRetriesBeforeForcingGC:10]]
[2022.02.26-16.23.44:710][  0]LogConfig: Setting CVar [[gc.AllowParallelGC:1]]
[2022.02.26-16.23.44:710][  0]LogConfig: Setting CVar [[gc.TimeBetweenPurgingPendingKillObjects:61.1]]
[2022.02.26-16.23.44:710][  0]LogConfig: Setting CVar [[gc.MaxObjectsInEditor:25165824]]
[2022.02.26-16.23.44:710][  0]LogConfig: Setting CVar [[gc.IncrementalBeginDestroyEnabled:1]]
[2022.02.26-16.23.44:710][  0]LogConfig: Setting CVar [[gc.CreateGCClusters:1]]
[2022.02.26-16.23.44:710][  0]LogConfig: Setting CVar [[gc.MinGCClusterSize:5]]
[2022.02.26-16.23.44:710][  0]LogConfig: Setting CVar [[gc.ActorClusteringEnabled:0]]
[2022.02.26-16.23.44:710][  0]LogConfig: Setting CVar [[gc.BlueprintClusteringEnabled:0]]
[2022.02.26-16.23.44:710][  0]LogConfig: Setting CVar [[gc.UseDisregardForGCOnDedicatedServers:0]]
[2022.02.26-16.23.44:710][  0]LogConfig: Setting CVar [[gc.MultithreadedDestructionEnabled:1]]
[2022.02.26-16.23.44:710][  0]LogConfig: Applying CVar settings from Section [/Script/Engine.NetworkSettings] File [D:/Gjam/1/GameJam/Saved/Config/Windows/Engine.ini]
[2022.02.26-16.23.44:710][  0]LogConfig: Applying CVar settings from Section [/Script/UnrealEd.CookerSettings] File [D:/Gjam/1/GameJam/Saved/Config/Windows/Engine.ini]
[2022.02.26-16.23.44:715][  0]LogConfig: Applying CVar settings from Section [ViewDistanceQuality@3] File [D:/Gjam/1/GameJam/Saved/Config/Windows/Scalability.ini]
[2022.02.26-16.23.44:715][  0]LogConfig: Setting CVar [[r.SkeletalMeshLODBias:0]]
[2022.02.26-16.23.44:715][  0]LogConfig: Setting CVar [[r.ViewDistanceScale:1.0]]
[2022.02.26-16.23.44:715][  0]LogConfig: Applying CVar settings from Section [AntiAliasingQuality@3] File [D:/Gjam/1/GameJam/Saved/Config/Windows/Scalability.ini]
[2022.02.26-16.23.44:715][  0]LogConfig: Setting CVar [[r.PostProcessAAQuality:4]]
[2022.02.26-16.23.44:715][  0]LogConfig: Applying CVar settings from Section [ShadowQuality@3] File [D:/Gjam/1/GameJam/Saved/Config/Windows/Scalability.ini]
[2022.02.26-16.23.44:715][  0]LogConfig: Setting CVar [[r.LightFunctionQuality:1]]
[2022.02.26-16.23.44:715][  0]LogConfig: Setting CVar [[r.ShadowQuality:5]]
[2022.02.26-16.23.44:715][  0]LogConfig: Setting CVar [[r.Shadow.CSM.MaxCascades:10]]
[2022.02.26-16.23.44:715][  0]LogConfig: Setting CVar [[r.Shadow.MaxResolution:2048]]
[2022.02.26-16.23.44:715][  0]LogConfig: Setting CVar [[r.Shadow.MaxCSMResolution:2048]]
[2022.02.26-16.23.44:715][  0]LogConfig: Setting CVar [[r.Shadow.RadiusThreshold:0.01]]
[2022.02.26-16.23.44:715][  0]LogConfig: Setting CVar [[r.Shadow.DistanceScale:1.0]]
[2022.02.26-16.23.44:715][  0]LogConfig: Setting CVar [[r.Shadow.CSM.TransitionScale:1.0]]
[2022.02.26-16.23.44:715][  0]LogConfig: Setting CVar [[r.Shadow.PreShadowResolutionFactor:1.0]]
[2022.02.26-16.23.44:715][  0]LogConfig: Setting CVar [[r.DistanceFieldShadowing:1]]
[2022.02.26-16.23.44:715][  0]LogConfig: Setting CVar [[r.DistanceFieldAO:1]]
[2022.02.26-16.23.44:715][  0]LogConfig: Setting CVar [[r.AOQuality:2]]
[2022.02.26-16.23.44:715][  0]LogConfig: Setting CVar [[r.VolumetricFog:1]]
[2022.02.26-16.23.44:715][  0]LogConfig: Setting CVar [[r.VolumetricFog.GridPixelSize:8]]
[2022.02.26-16.23.44:715][  0]LogConfig: Setting CVar [[r.VolumetricFog.GridSizeZ:128]]
[2022.02.26-16.23.44:715][  0]LogConfig: Setting CVar [[r.VolumetricFog.HistoryMissSupersampleCount:4]]
[2022.02.26-16.23.44:715][  0]LogConfig: Setting CVar [[r.LightMaxDrawDistanceScale:1]]
[2022.02.26-16.23.44:715][  0]LogConfig: Setting CVar [[r.CapsuleShadows:1]]
[2022.02.26-16.23.44:715][  0]LogConfig: Applying CVar settings from Section [PostProcessQuality@3] File [D:/Gjam/1/GameJam/Saved/Config/Windows/Scalability.ini]
[2022.02.26-16.23.44:715][  0]LogConfig: Setting CVar [[r.MotionBlurQuality:4]]
[2022.02.26-16.23.44:715][  0]LogConfig: Setting CVar [[r.AmbientOcclusionMipLevelFactor:0.4]]
[2022.02.26-16.23.44:715][  0]LogConfig: Setting CVar [[r.AmbientOcclusionMaxQuality:100]]
[2022.02.26-16.23.44:715][  0]LogConfig: Setting CVar [[r.AmbientOcclusionLevels:-1]]
[2022.02.26-16.23.44:715][  0]LogConfig: Setting CVar [[r.AmbientOcclusionRadiusScale:1.0]]
[2022.02.26-16.23.44:715][  0]LogConfig: Setting CVar [[r.DepthOfFieldQuality:2]]
[2022.02.26-16.23.44:715][  0]LogConfig: Setting CVar [[r.RenderTargetPoolMin:400]]
[2022.02.26-16.23.44:715][  0]LogConfig: Setting CVar [[r.LensFlareQuality:2]]
[2022.02.26-16.23.44:715][  0]LogConfig: Setting CVar [[r.SceneColorFringeQuality:1]]
[2022.02.26-16.23.44:715][  0]LogConfig: Setting CVar [[r.EyeAdaptationQuality:2]]
[2022.02.26-16.23.44:715][  0]LogConfig: Setting CVar [[r.BloomQuality:5]]
[2022.02.26-16.23.44:715][  0]LogConfig: Setting CVar [[r.FastBlurThreshold:100]]
[2022.02.26-16.23.44:715][  0]LogConfig: Setting CVar [[r.Upscale.Quality:3]]
[2022.02.26-16.23.44:715][  0]LogConfig: Setting CVar [[r.Tonemapper.GrainQuantization:1]]
[2022.02.26-16.23.44:715][  0]LogConfig: Setting CVar [[r.LightShaftQuality:1]]
[2022.02.26-16.23.44:715][  0]LogConfig: Setting CVar [[r.Filter.SizeScale:1]]
[2022.02.26-16.23.44:715][  0]LogConfig: Setting CVar [[r.Tonemapper.Quality:5]]
[2022.02.26-16.23.44:715][  0]LogConfig: Setting CVar [[r.DOF.Gather.AccumulatorQuality:1        ; higher gathering accumulator quality]]
[2022.02.26-16.23.44:715][  0]LogConfig: Setting CVar [[r.DOF.Gather.PostfilterMethod:1          ; Median3x3 postfilering method]]
[2022.02.26-16.23.44:715][  0]LogConfig: Setting CVar [[r.DOF.Gather.EnableBokehSettings:0       ; no bokeh simulation when gathering]]
[2022.02.26-16.23.44:715][  0]LogConfig: Setting CVar [[r.DOF.Gather.RingCount:4                 ; medium number of samples when gathering]]
[2022.02.26-16.23.44:715][  0]LogConfig: Setting CVar [[r.DOF.Scatter.ForegroundCompositing:1    ; additive foreground scattering]]
[2022.02.26-16.23.44:715][  0]LogConfig: Setting CVar [[r.DOF.Scatter.BackgroundCompositing:2    ; additive background scattering]]
[2022.02.26-16.23.44:715][  0]LogConfig: Setting CVar [[r.DOF.Scatter.EnableBokehSettings:1      ; bokeh simulation when scattering]]
[2022.02.26-16.23.44:715][  0]LogConfig: Setting CVar [[r.DOF.Scatter.MaxSpriteRatio:0.1         ; only a maximum of 10% of scattered bokeh]]
[2022.02.26-16.23.44:715][  0]LogConfig: Setting CVar [[r.DOF.Recombine.Quality:1                ; cheap slight out of focus]]
[2022.02.26-16.23.44:715][  0]LogConfig: Setting CVar [[r.DOF.Recombine.EnableBokehSettings:0    ; no bokeh simulation on slight out of focus]]
[2022.02.26-16.23.44:715][  0]LogConfig: Setting CVar [[r.DOF.TemporalAAQuality:1                ; more stable temporal accumulation]]
[2022.02.26-16.23.44:715][  0]LogConfig: Setting CVar [[r.DOF.Kernel.MaxForegroundRadius:0.025]]
[2022.02.26-16.23.44:715][  0]LogConfig: Setting CVar [[r.DOF.Kernel.MaxBackgroundRadius:0.025]]
[2022.02.26-16.23.44:715][  0]LogConfig: Applying CVar settings from Section [TextureQuality@3] File [D:/Gjam/1/GameJam/Saved/Config/Windows/Scalability.ini]
[2022.02.26-16.23.44:715][  0]LogConfig: Setting CVar [[r.Streaming.MipBias:0]]
[2022.02.26-16.23.44:715][  0]LogConfig: Setting CVar [[r.Streaming.AmortizeCPUToGPUCopy:0]]
[2022.02.26-16.23.44:715][  0]LogConfig: Setting CVar [[r.Streaming.MaxNumTexturesToStreamPerFrame:0]]
[2022.02.26-16.23.44:715][  0]LogConfig: Setting CVar [[r.Streaming.Boost:1]]
[2022.02.26-16.23.44:715][  0]LogConfig: Setting CVar [[r.MaxAnisotropy:8]]
[2022.02.26-16.23.44:715][  0]LogConfig: Setting CVar [[r.VT.MaxAnisotropy:8]]
[2022.02.26-16.23.44:715][  0]LogConfig: Setting CVar [[r.Streaming.LimitPoolSizeToVRAM:0]]
[2022.02.26-16.23.44:715][  0]LogConfig: Setting CVar [[r.Streaming.PoolSize:1000]]
[2022.02.26-16.23.44:715][  0]LogConfig: Setting CVar [[r.Streaming.MaxEffectiveScreenSize:0]]
[2022.02.26-16.23.44:715][  0]LogConfig: Applying CVar settings from Section [EffectsQuality@3] File [D:/Gjam/1/GameJam/Saved/Config/Windows/Scalability.ini]
[2022.02.26-16.23.44:715][  0]LogConfig: Setting CVar [[r.TranslucencyLightingVolumeDim:64]]
[2022.02.26-16.23.44:715][  0]LogConfig: Setting CVar [[r.RefractionQuality:2]]
[2022.02.26-16.23.44:715][  0]LogConfig: Setting CVar [[r.SSR.Quality:3]]
[2022.02.26-16.23.44:715][  0]LogConfig: Setting CVar [[r.SSR.HalfResSceneColor:0]]
[2022.02.26-16.23.44:715][  0]LogConfig: Setting CVar [[r.SceneColorFormat:4]]
[2022.02.26-16.23.44:715][  0]LogConfig: Setting CVar [[r.DetailMode:2]]
[2022.02.26-16.23.44:715][  0]LogConfig: Setting CVar [[r.TranslucencyVolumeBlur:1]]
[2022.02.26-16.23.44:715][  0]LogConfig: Setting CVar [[r.MaterialQualityLevel:1 ; High quality]]
[2022.02.26-16.23.44:715][  0]LogConfig: Setting CVar [[r.AnisotropicMaterials:1]]
[2022.02.26-16.23.44:715][  0]LogConfig: Setting CVar [[r.SSS.Scale:1]]
[2022.02.26-16.23.44:715][  0]LogConfig: Setting CVar [[r.SSS.SampleSet:2]]
[2022.02.26-16.23.44:715][  0]LogConfig: Setting CVar [[r.SSS.Quality:1]]
[2022.02.26-16.23.44:715][  0]LogConfig: Setting CVar [[r.SSS.HalfRes:0]]
[2022.02.26-16.23.44:715][  0]LogConfig: Setting CVar [[r.SSGI.Quality:3]]
[2022.02.26-16.23.44:715][  0]LogConfig: Setting CVar [[r.EmitterSpawnRateScale:1.0]]
[2022.02.26-16.23.44:715][  0]LogConfig: Setting CVar [[r.ParticleLightQuality:2]]
[2022.02.26-16.23.44:715][  0]LogConfig: Setting CVar [[r.SkyAtmosphere.AerialPerspectiveLUT.FastApplyOnOpaque:1 ; Always have FastSkyLUT 1 in this case to avoid wrong sky]]
[2022.02.26-16.23.44:715][  0]LogConfig: Setting CVar [[r.SkyAtmosphere.AerialPerspectiveLUT.SampleCountMaxPerSlice:4]]
[2022.02.26-16.23.44:715][  0]LogConfig: Setting CVar [[r.SkyAtmosphere.AerialPerspectiveLUT.DepthResolution:16.0]]
[2022.02.26-16.23.44:715][  0]LogConfig: Setting CVar [[r.SkyAtmosphere.FastSkyLUT:1]]
[2022.02.26-16.23.44:715][  0]LogConfig: Setting CVar [[r.SkyAtmosphere.FastSkyLUT.SampleCountMin:4.0]]
[2022.02.26-16.23.44:715][  0]LogConfig: Setting CVar [[r.SkyAtmosphere.FastSkyLUT.SampleCountMax:128.0]]
[2022.02.26-16.23.44:715][  0]LogConfig: Setting CVar [[r.SkyAtmosphere.SampleCountMin:4.0]]
[2022.02.26-16.23.44:715][  0]LogConfig: Setting CVar [[r.SkyAtmosphere.SampleCountMax:128.0]]
[2022.02.26-16.23.44:715][  0]LogConfig: Setting CVar [[r.SkyAtmosphere.TransmittanceLUT.UseSmallFormat:0]]
[2022.02.26-16.23.44:715][  0]LogConfig: Setting CVar [[r.SkyAtmosphere.TransmittanceLUT.SampleCount:10.0]]
[2022.02.26-16.23.44:715][  0]LogConfig: Setting CVar [[r.SkyAtmosphere.MultiScatteringLUT.SampleCount:15.0]]
[2022.02.26-16.23.44:715][  0]LogConfig: Setting CVar [[r.SkyLight.RealTimeReflectionCapture:1]]
[2022.02.26-16.23.44:715][  0]LogConfig: Applying CVar settings from Section [FoliageQuality@3] File [D:/Gjam/1/GameJam/Saved/Config/Windows/Scalability.ini]
[2022.02.26-16.23.44:715][  0]LogConfig: Setting CVar [[foliage.DensityScale:1.0]]
[2022.02.26-16.23.44:715][  0]LogConfig: Setting CVar [[grass.DensityScale:1.0]]
[2022.02.26-16.23.44:715][  0]LogConfig: Applying CVar settings from Section [ShadingQuality@3] File [D:/Gjam/1/GameJam/Saved/Config/Windows/Scalability.ini]
[2022.02.26-16.23.44:715][  0]LogConfig: Setting CVar [[r.HairStrands.SkyLighting.IntegrationType:2]]
[2022.02.26-16.23.44:715][  0]LogConfig: Setting CVar [[r.HairStrands.SkyAO.SampleCount:4]]
[2022.02.26-16.23.44:715][  0]LogConfig: Setting CVar [[r.HairStrands.Visibility.MSAA.SamplePerPixel:4]]
[2022.02.26-16.23.44:715][  0]LogInit: Selected Device Profile: [Windows]
[2022.02.26-16.23.44:715][  0]LogInit: Applying CVar settings loaded from the selected device profile: [Windows]
[2022.02.26-16.23.44:715][  0]LogHAL: Display: Platform has ~ 16 GB [17093136384 / 17179869184 / 16], which maps to Larger [LargestMinGB=32, LargerMinGB=12, DefaultMinGB=8, SmallerMinGB=6, SmallestMinGB=0)
[2022.02.26-16.23.44:715][  0]LogInit: Going up to parent DeviceProfile []
[2022.02.26-16.23.44:716][  0]LogConfig: Applying CVar settings from Section [ViewDistanceQuality@3] File [D:/Gjam/1/GameJam/Saved/Config/Windows/Scalability.ini]
[2022.02.26-16.23.44:716][  0]LogConfig: Setting CVar [[r.SkeletalMeshLODBias:0]]
[2022.02.26-16.23.44:716][  0]LogConfig: Setting CVar [[r.ViewDistanceScale:1.0]]
[2022.02.26-16.23.44:716][  0]LogConfig: Applying CVar settings from Section [AntiAliasingQuality@3] File [D:/Gjam/1/GameJam/Saved/Config/Windows/Scalability.ini]
[2022.02.26-16.23.44:716][  0]LogConfig: Setting CVar [[r.PostProcessAAQuality:4]]
[2022.02.26-16.23.44:716][  0]LogConfig: Applying CVar settings from Section [ShadowQuality@3] File [D:/Gjam/1/GameJam/Saved/Config/Windows/Scalability.ini]
[2022.02.26-16.23.44:716][  0]LogConfig: Setting CVar [[r.LightFunctionQuality:1]]
[2022.02.26-16.23.44:716][  0]LogConfig: Setting CVar [[r.ShadowQuality:5]]
[2022.02.26-16.23.44:716][  0]LogConfig: Setting CVar [[r.Shadow.CSM.MaxCascades:10]]
[2022.02.26-16.23.44:716][  0]LogConfig: Setting CVar [[r.Shadow.MaxResolution:2048]]
[2022.02.26-16.23.44:716][  0]LogConfig: Setting CVar [[r.Shadow.MaxCSMResolution:2048]]
[2022.02.26-16.23.44:716][  0]LogConfig: Setting CVar [[r.Shadow.RadiusThreshold:0.01]]
[2022.02.26-16.23.44:716][  0]LogConfig: Setting CVar [[r.Shadow.DistanceScale:1.0]]
[2022.02.26-16.23.44:716][  0]LogConfig: Setting CVar [[r.Shadow.CSM.TransitionScale:1.0]]
[2022.02.26-16.23.44:716][  0]LogConfig: Setting CVar [[r.Shadow.PreShadowResolutionFactor:1.0]]
[2022.02.26-16.23.44:716][  0]LogConfig: Setting CVar [[r.DistanceFieldShadowing:1]]
[2022.02.26-16.23.44:716][  0]LogConfig: Setting CVar [[r.DistanceFieldAO:1]]
[2022.02.26-16.23.44:716][  0]LogConfig: Setting CVar [[r.AOQuality:2]]
[2022.02.26-16.23.44:716][  0]LogConfig: Setting CVar [[r.VolumetricFog:1]]
[2022.02.26-16.23.44:716][  0]LogConfig: Setting CVar [[r.VolumetricFog.GridPixelSize:8]]
[2022.02.26-16.23.44:716][  0]LogConfig: Setting CVar [[r.VolumetricFog.GridSizeZ:128]]
[2022.02.26-16.23.44:716][  0]LogConfig: Setting CVar [[r.VolumetricFog.HistoryMissSupersampleCount:4]]
[2022.02.26-16.23.44:716][  0]LogConfig: Setting CVar [[r.LightMaxDrawDistanceScale:1]]
[2022.02.26-16.23.44:716][  0]LogConfig: Setting CVar [[r.CapsuleShadows:1]]
[2022.02.26-16.23.44:716][  0]LogConfig: Applying CVar settings from Section [PostProcessQuality@3] File [D:/Gjam/1/GameJam/Saved/Config/Windows/Scalability.ini]
[2022.02.26-16.23.44:716][  0]LogConfig: Setting CVar [[r.MotionBlurQuality:4]]
[2022.02.26-16.23.44:716][  0]LogConfig: Setting CVar [[r.AmbientOcclusionMipLevelFactor:0.4]]
[2022.02.26-16.23.44:716][  0]LogConfig: Setting CVar [[r.AmbientOcclusionMaxQuality:100]]
[2022.02.26-16.23.44:716][  0]LogConfig: Setting CVar [[r.AmbientOcclusionLevels:-1]]
[2022.02.26-16.23.44:716][  0]LogConfig: Setting CVar [[r.AmbientOcclusionRadiusScale:1.0]]
[2022.02.26-16.23.44:716][  0]LogConfig: Setting CVar [[r.DepthOfFieldQuality:2]]
[2022.02.26-16.23.44:716][  0]LogConfig: Setting CVar [[r.RenderTargetPoolMin:400]]
[2022.02.26-16.23.44:716][  0]LogConfig: Setting CVar [[r.LensFlareQuality:2]]
[2022.02.26-16.23.44:716][  0]LogConfig: Setting CVar [[r.SceneColorFringeQuality:1]]
[2022.02.26-16.23.44:716][  0]LogConfig: Setting CVar [[r.EyeAdaptationQuality:2]]
[2022.02.26-16.23.44:716][  0]LogConfig: Setting CVar [[r.BloomQuality:5]]
[2022.02.26-16.23.44:716][  0]LogConfig: Setting CVar [[r.FastBlurThreshold:100]]
[2022.02.26-16.23.44:716][  0]LogConfig: Setting CVar [[r.Upscale.Quality:3]]
[2022.02.26-16.23.44:716][  0]LogConfig: Setting CVar [[r.Tonemapper.GrainQuantization:1]]
[2022.02.26-16.23.44:716][  0]LogConfig: Setting CVar [[r.LightShaftQuality:1]]
[2022.02.26-16.23.44:716][  0]LogConfig: Setting CVar [[r.Filter.SizeScale:1]]
[2022.02.26-16.23.44:716][  0]LogConfig: Setting CVar [[r.Tonemapper.Quality:5]]
[2022.02.26-16.23.44:716][  0]LogConfig: Setting CVar [[r.DOF.Gather.AccumulatorQuality:1        ; higher gathering accumulator quality]]
[2022.02.26-16.23.44:716][  0]LogConfig: Setting CVar [[r.DOF.Gather.PostfilterMethod:1          ; Median3x3 postfilering method]]
[2022.02.26-16.23.44:716][  0]LogConfig: Setting CVar [[r.DOF.Gather.EnableBokehSettings:0       ; no bokeh simulation when gathering]]
[2022.02.26-16.23.44:716][  0]LogConfig: Setting CVar [[r.DOF.Gather.RingCount:4                 ; medium number of samples when gathering]]
[2022.02.26-16.23.44:716][  0]LogConfig: Setting CVar [[r.DOF.Scatter.ForegroundCompositing:1    ; additive foreground scattering]]
[2022.02.26-16.23.44:716][  0]LogConfig: Setting CVar [[r.DOF.Scatter.BackgroundCompositing:2    ; additive background scattering]]
[2022.02.26-16.23.44:716][  0]LogConfig: Setting CVar [[r.DOF.Scatter.EnableBokehSettings:1      ; bokeh simulation when scattering]]
[2022.02.26-16.23.44:716][  0]LogConfig: Setting CVar [[r.DOF.Scatter.MaxSpriteRatio:0.1         ; only a maximum of 10% of scattered bokeh]]
[2022.02.26-16.23.44:716][  0]LogConfig: Setting CVar [[r.DOF.Recombine.Quality:1                ; cheap slight out of focus]]
[2022.02.26-16.23.44:716][  0]LogConfig: Setting CVar [[r.DOF.Recombine.EnableBokehSettings:0    ; no bokeh simulation on slight out of focus]]
[2022.02.26-16.23.44:716][  0]LogConfig: Setting CVar [[r.DOF.TemporalAAQuality:1                ; more stable temporal accumulation]]
[2022.02.26-16.23.44:716][  0]LogConfig: Setting CVar [[r.DOF.Kernel.MaxForegroundRadius:0.025]]
[2022.02.26-16.23.44:716][  0]LogConfig: Setting CVar [[r.DOF.Kernel.MaxBackgroundRadius:0.025]]
[2022.02.26-16.23.44:716][  0]LogConfig: Applying CVar settings from Section [TextureQuality@3] File [D:/Gjam/1/GameJam/Saved/Config/Windows/Scalability.ini]
[2022.02.26-16.23.44:716][  0]LogConfig: Setting CVar [[r.Streaming.MipBias:0]]
[2022.02.26-16.23.44:716][  0]LogConfig: Setting CVar [[r.Streaming.AmortizeCPUToGPUCopy:0]]
[2022.02.26-16.23.44:716][  0]LogConfig: Setting CVar [[r.Streaming.MaxNumTexturesToStreamPerFrame:0]]
[2022.02.26-16.23.44:716][  0]LogConfig: Setting CVar [[r.Streaming.Boost:1]]
[2022.02.26-16.23.44:716][  0]LogConfig: Setting CVar [[r.MaxAnisotropy:8]]
[2022.02.26-16.23.44:716][  0]LogConfig: Setting CVar [[r.VT.MaxAnisotropy:8]]
[2022.02.26-16.23.44:716][  0]LogConfig: Setting CVar [[r.Streaming.LimitPoolSizeToVRAM:0]]
[2022.02.26-16.23.44:716][  0]LogConfig: Setting CVar [[r.Streaming.PoolSize:1000]]
[2022.02.26-16.23.44:716][  0]LogConfig: Setting CVar [[r.Streaming.MaxEffectiveScreenSize:0]]
[2022.02.26-16.23.44:716][  0]LogConfig: Applying CVar settings from Section [EffectsQuality@3] File [D:/Gjam/1/GameJam/Saved/Config/Windows/Scalability.ini]
[2022.02.26-16.23.44:716][  0]LogConfig: Setting CVar [[r.TranslucencyLightingVolumeDim:64]]
[2022.02.26-16.23.44:716][  0]LogConfig: Setting CVar [[r.RefractionQuality:2]]
[2022.02.26-16.23.44:716][  0]LogConfig: Setting CVar [[r.SSR.Quality:3]]
[2022.02.26-16.23.44:716][  0]LogConfig: Setting CVar [[r.SSR.HalfResSceneColor:0]]
[2022.02.26-16.23.44:716][  0]LogConfig: Setting CVar [[r.SceneColorFormat:4]]
[2022.02.26-16.23.44:716][  0]LogConfig: Setting CVar [[r.DetailMode:2]]
[2022.02.26-16.23.44:716][  0]LogConfig: Setting CVar [[r.TranslucencyVolumeBlur:1]]
[2022.02.26-16.23.44:716][  0]LogConfig: Setting CVar [[r.MaterialQualityLevel:1 ; High quality]]
[2022.02.26-16.23.44:716][  0]LogConfig: Setting CVar [[r.AnisotropicMaterials:1]]
[2022.02.26-16.23.44:716][  0]LogConfig: Setting CVar [[r.SSS.Scale:1]]
[2022.02.26-16.23.44:716][  0]LogConfig: Setting CVar [[r.SSS.SampleSet:2]]
[2022.02.26-16.23.44:716][  0]LogConfig: Setting CVar [[r.SSS.Quality:1]]
[2022.02.26-16.23.44:716][  0]LogConfig: Setting CVar [[r.SSS.HalfRes:0]]
[2022.02.26-16.23.44:716][  0]LogConfig: Setting CVar [[r.SSGI.Quality:3]]
[2022.02.26-16.23.44:716][  0]LogConfig: Setting CVar [[r.EmitterSpawnRateScale:1.0]]
[2022.02.26-16.23.44:716][  0]LogConfig: Setting CVar [[r.ParticleLightQuality:2]]
[2022.02.26-16.23.44:716][  0]LogConfig: Setting CVar [[r.SkyAtmosphere.AerialPerspectiveLUT.FastApplyOnOpaque:1 ; Always have FastSkyLUT 1 in this case to avoid wrong sky]]
[2022.02.26-16.23.44:716][  0]LogConfig: Setting CVar [[r.SkyAtmosphere.AerialPerspectiveLUT.SampleCountMaxPerSlice:4]]
[2022.02.26-16.23.44:716][  0]LogConfig: Setting CVar [[r.SkyAtmosphere.AerialPerspectiveLUT.DepthResolution:16.0]]
[2022.02.26-16.23.44:716][  0]LogConfig: Setting CVar [[r.SkyAtmosphere.FastSkyLUT:1]]
[2022.02.26-16.23.44:716][  0]LogConfig: Setting CVar [[r.SkyAtmosphere.FastSkyLUT.SampleCountMin:4.0]]
[2022.02.26-16.23.44:716][  0]LogConfig: Setting CVar [[r.SkyAtmosphere.FastSkyLUT.SampleCountMax:128.0]]
[2022.02.26-16.23.44:716][  0]LogConfig: Setting CVar [[r.SkyAtmosphere.SampleCountMin:4.0]]
[2022.02.26-16.23.44:716][  0]LogConfig: Setting CVar [[r.SkyAtmosphere.SampleCountMax:128.0]]
[2022.02.26-16.23.44:716][  0]LogConfig: Setting CVar [[r.SkyAtmosphere.TransmittanceLUT.UseSmallFormat:0]]
[2022.02.26-16.23.44:716][  0]LogConfig: Setting CVar [[r.SkyAtmosphere.TransmittanceLUT.SampleCount:10.0]]
[2022.02.26-16.23.44:716][  0]LogConfig: Setting CVar [[r.SkyAtmosphere.MultiScatteringLUT.SampleCount:15.0]]
[2022.02.26-16.23.44:716][  0]LogConfig: Setting CVar [[r.SkyLight.RealTimeReflectionCapture:1]]
[2022.02.26-16.23.44:716][  0]LogConfig: Applying CVar settings from Section [FoliageQuality@3] File [D:/Gjam/1/GameJam/Saved/Config/Windows/Scalability.ini]
[2022.02.26-16.23.44:716][  0]LogConfig: Setting CVar [[foliage.DensityScale:1.0]]
[2022.02.26-16.23.44:716][  0]LogConfig: Setting CVar [[grass.DensityScale:1.0]]
[2022.02.26-16.23.44:716][  0]LogConfig: Applying CVar settings from Section [ShadingQuality@3] File [D:/Gjam/1/GameJam/Saved/Config/Windows/Scalability.ini]
[2022.02.26-16.23.44:716][  0]LogConfig: Setting CVar [[r.HairStrands.SkyLighting.IntegrationType:2]]
[2022.02.26-16.23.44:716][  0]LogConfig: Setting CVar [[r.HairStrands.SkyAO.SampleCount:4]]
[2022.02.26-16.23.44:716][  0]LogConfig: Setting CVar [[r.HairStrands.Visibility.MSAA.SamplePerPixel:4]]
[2022.02.26-16.23.44:716][  0]LogConfig: Applying CVar settings from Section [Startup] File [../../../Engine/Config/ConsoleVariables.ini]
[2022.02.26-16.23.44:716][  0]LogConfig: Setting CVar [[net.UseAdaptiveNetUpdateFrequency:0]]
[2022.02.26-16.23.44:716][  0]LogConfig: Setting CVar [[p.chaos.AllowCreatePhysxBodies:1]]
[2022.02.26-16.23.44:716][  0]LogConfig: Setting CVar [[fx.SkipVectorVMBackendOptimizations:1]]
[2022.02.26-16.23.44:716][  0]LogConfig: Applying CVar settings from Section [ConsoleVariables] File [D:/Gjam/1/GameJam/Saved/Config/Windows/Engine.ini]
[2022.02.26-16.23.44:716][  0]LogConfig: Applying CVar settings from Section [ConsoleVariables] File [D:/Gjam/1/GameJam/Saved/Config/Windows/Editor.ini]
[2022.02.26-16.23.44:717][  0]LogInit: Computer: SVYAGA
[2022.02.26-16.23.44:717][  0]LogInit: User: WhiteLOrd
[2022.02.26-16.23.44:717][  0]LogInit: CPU Page size=4096, Cores=4
[2022.02.26-16.23.44:717][  0]LogInit: High frequency timer resolution =3.914056 MHz
[2022.02.26-16.23.44:717][  0]LogMemory: Memory total: Physical=15.9GB (16GB approx)
[2022.02.26-16.23.44:717][  0]LogMemory: Platform Memory Stats for Windows
[2022.02.26-16.23.44:717][  0]LogMemory: Process Physical Memory: 135.91 MB used, 135.91 MB peak
[2022.02.26-16.23.44:717][  0]LogMemory: Process Virtual Memory: 124.07 MB used, 124.07 MB peak
[2022.02.26-16.23.44:717][  0]LogMemory: Physical Memory: 7518.88 MB used,  8782.41 MB free, 16301.29 MB total
[2022.02.26-16.23.44:717][  0]LogMemory: Virtual Memory: 134208960.00 MB used,  8766.02 MB free, 134217728.00 MB total
[2022.02.26-16.23.44:721][  0]LogWindows: WindowsPlatformFeatures enabled
[2022.02.26-16.23.44:732][  0]LogInit: Physics initialised using underlying interface: PhysX
[2022.02.26-16.23.44:732][  0]LogInit: Using OS detected language (ru-RU).
[2022.02.26-16.23.44:732][  0]LogInit: Using OS detected locale (ru-RU).
[2022.02.26-16.23.44:734][  0]LogTextLocalizationManager: No specific localization for 'ru-RU' exists, so the 'ru' localization will be used.
[2022.02.26-16.23.44:734][  0]LogTextLocalizationResource: LocRes '../../../Engine/Content/Localization/Editor/ru/Editor.locres' could not be opened for reading!
[2022.02.26-16.23.44:734][  0]LogTextLocalizationResource: LocRes '../../../Engine/Content/Localization/EditorTutorials/ru/EditorTutorials.locres' could not be opened for reading!
[2022.02.26-16.23.44:734][  0]LogTextLocalizationResource: LocRes '../../../Engine/Content/Localization/Keywords/ru/Keywords.locres' could not be opened for reading!
[2022.02.26-16.23.44:734][  0]LogTextLocalizationResource: LocRes '../../../Engine/Content/Localization/Category/ru/Category.locres' could not be opened for reading!
[2022.02.26-16.23.44:734][  0]LogTextLocalizationResource: LocRes '../../../Engine/Content/Localization/ToolTips/ru/ToolTips.locres' could not be opened for reading!
[2022.02.26-16.23.44:734][  0]LogTextLocalizationResource: LocRes '../../../Engine/Content/Localization/PropertyNames/ru/PropertyNames.locres' could not be opened for reading!
[2022.02.26-16.23.44:734][  0]LogTextLocalizationResource: LocRes '../../../Engine/Content/Localization/Engine/ru/Engine.locres' could not be opened for reading!
[2022.02.26-16.23.44:735][  0]LogInit: Setting process to per monitor DPI aware
[2022.02.26-16.23.44:738][  0]LogWindowsTextInputMethodSystem: Display: IME system deactivated.
[2022.02.26-16.23.44:746][  0]LogSlate: New Slate User Created.  User Index 0, Is Virtual User: 0
[2022.02.26-16.23.44:746][  0]LogSlate: Slate User Registered.  User Index 0, Is Virtual User: 0
[2022.02.26-16.23.44:814][  0]LogD3D11RHI: Loaded GFSDK_Aftermath_Lib.x64.dll
[2022.02.26-16.23.44:814][  0]LogHMD: Failed to initialize OpenVR with code 110
[2022.02.26-16.23.44:814][  0]LogD3D11RHI: D3D11 min allowed feature level: 11_0
[2022.02.26-16.23.44:814][  0]LogD3D11RHI: D3D11 max allowed feature level: 11_0
[2022.02.26-16.23.44:814][  0]LogD3D11RHI: D3D11 adapters:
[2022.02.26-16.23.47:491][  0]LogD3D11RHI:    0. 'NVIDIA GeForce GTX 750 Ti' (Feature Level 11_0)
[2022.02.26-16.23.47:491][  0]LogD3D11RHI:       1952/0/8150 MB DedicatedVideo/DedicatedSystem/SharedSystem, Outputs:1, VendorId:0x10de
[2022.02.26-16.23.47:492][  0]LogD3D11RHI:    1. 'Microsoft Basic Render Driver' (Feature Level 11_0)
[2022.02.26-16.23.47:492][  0]LogD3D11RHI:       0/0/256 MB DedicatedVideo/DedicatedSystem/SharedSystem, Outputs:0, VendorId:0x1414
[2022.02.26-16.23.47:492][  0]LogD3D11RHI: Chosen D3D11 Adapter:
[2022.02.26-16.23.47:492][  0]LogD3D11RHI:     Description : NVIDIA GeForce GTX 750 Ti
[2022.02.26-16.23.47:492][  0]LogD3D11RHI:     VendorId    : 10de
[2022.02.26-16.23.47:492][  0]LogD3D11RHI:     DeviceId    : 1380
[2022.02.26-16.23.47:492][  0]LogD3D11RHI:     SubSysId    : 84be1043
[2022.02.26-16.23.47:492][  0]LogD3D11RHI:     Revision    : 00a2
[2022.02.26-16.23.47:492][  0]LogD3D11RHI:     DedicatedVideoMemory : 2046857216 bytes
[2022.02.26-16.23.47:492][  0]LogD3D11RHI:     DedicatedSystemMemory : 0 bytes
[2022.02.26-16.23.47:492][  0]LogD3D11RHI:     SharedSystemMemory : 8546568192 bytes
[2022.02.26-16.23.47:492][  0]LogD3D11RHI:     AdapterLuid : 0 27790
[2022.02.26-16.23.47:495][  0]LogD3D11RHI: Creating new Direct3DDevice
[2022.02.26-16.23.47:495][  0]LogD3D11RHI:     GPU DeviceId: 0x1380 (for the marketing name, search the web for "GPU Device Id")
[2022.02.26-16.23.47:495][  0]LogWindows: EnumDisplayDevices:
[2022.02.26-16.23.47:495][  0]LogWindows:    0. 'NVIDIA GeForce GTX 750 Ti' (P:1 D:1)
[2022.02.26-16.23.47:495][  0]LogWindows:    1. 'NVIDIA GeForce GTX 750 Ti' (P:0 D:0)
[2022.02.26-16.23.47:495][  0]LogWindows:    2. 'NVIDIA GeForce GTX 750 Ti' (P:0 D:0)
[2022.02.26-16.23.47:496][  0]LogWindows:    3. 'NVIDIA GeForce GTX 750 Ti' (P:0 D:0)
[2022.02.26-16.23.47:496][  0]LogWindows: DebugString: FoundDriverCount:4 
[2022.02.26-16.23.47:496][  0]LogD3D11RHI:     Adapter Name: NVIDIA GeForce GTX 750 Ti
[2022.02.26-16.23.47:496][  0]LogD3D11RHI:   Driver Version: 457.51 (internal:27.21.14.5751, unified:457.51)
[2022.02.26-16.23.47:496][  0]LogD3D11RHI:      Driver Date: 11-22-2020
[2022.02.26-16.23.47:496][  0]LogRHI: Texture pool is 1366 MB (70% of 1952 MB)
[2022.02.26-16.23.47:496][  0]LogD3D11RHI: Creating D3DDevice using adapter:
[2022.02.26-16.23.47:496][  0]LogD3D11RHI:     Description : NVIDIA GeForce GTX 750 Ti
[2022.02.26-16.23.47:496][  0]LogD3D11RHI:     VendorId    : 10de
[2022.02.26-16.23.47:496][  0]LogD3D11RHI:     DeviceId    : 1380
[2022.02.26-16.23.47:496][  0]LogD3D11RHI:     SubSysId    : 84be1043
[2022.02.26-16.23.47:496][  0]LogD3D11RHI:     Revision    : 00a2
[2022.02.26-16.23.47:496][  0]LogD3D11RHI:     DedicatedVideoMemory : 2046857216 bytes
[2022.02.26-16.23.47:496][  0]LogD3D11RHI:     DedicatedSystemMemory : 0 bytes
[2022.02.26-16.23.47:496][  0]LogD3D11RHI:     SharedSystemMemory : 8546568192 bytes
[2022.02.26-16.23.47:496][  0]LogD3D11RHI:     AdapterLuid : 0 27790
[2022.02.26-16.23.48:426][  0]LogD3D11RHI: RHI has support for 64 bit atomics
[2022.02.26-16.23.48:426][  0]LogD3D11RHI: Async texture creation enabled
[2022.02.26-16.23.48:449][  0]LogD3D11RHI: GPU Timing Frequency: 1000.000000 (Debug: 2 2)
[2022.02.26-16.23.48:675][  0]LogRHI: GeForceNow SDK initialized: 1
[2022.02.26-16.23.48:988][  0]LogTargetPlatformManager: Display: Loaded TargetPlatform 'AllDesktop'
[2022.02.26-16.23.49:002][  0]LogTargetPlatformManager: Display: Loaded TargetPlatform 'Android'
[2022.02.26-16.23.49:002][  0]LogTargetPlatformManager: Display: Loaded TargetPlatform 'Android_ASTC'
[2022.02.26-16.23.49:002][  0]LogTargetPlatformManager: Display: Loaded TargetPlatform 'Android_DXT'
[2022.02.26-16.23.49:002][  0]LogTargetPlatformManager: Display: Loaded TargetPlatform 'Android_ETC2'
[2022.02.26-16.23.49:003][  0]LogTargetPlatformManager: Display: Loaded TargetPlatform 'AndroidClient'
[2022.02.26-16.23.49:003][  0]LogTargetPlatformManager: Display: Loaded TargetPlatform 'Android_ASTCClient'
[2022.02.26-16.23.49:003][  0]LogTargetPlatformManager: Display: Loaded TargetPlatform 'Android_DXTClient'
[2022.02.26-16.23.49:003][  0]LogTargetPlatformManager: Display: Loaded TargetPlatform 'Android_ETC2Client'
[2022.02.26-16.23.49:003][  0]LogTargetPlatformManager: Display: Loaded TargetPlatform 'Android_Multi'
[2022.02.26-16.23.49:003][  0]LogTargetPlatformManager: Display: Loaded TargetPlatform 'Android_MultiClient'
[2022.02.26-16.23.49:014][  0]LogTargetPlatformManager: Display: Loaded TargetPlatform 'IOSClient'
[2022.02.26-16.23.49:014][  0]LogTargetPlatformManager: Display: Loaded TargetPlatform 'IOS'
[2022.02.26-16.23.49:019][  0]LogTargetPlatformManager: Display: Loaded TargetPlatform 'Linux'
[2022.02.26-16.23.49:022][  0]LogTargetPlatformManager: Display: Loaded TargetPlatform 'LinuxNoEditor'
[2022.02.26-16.23.49:024][  0]LogTargetPlatformManager: Display: Loaded TargetPlatform 'LinuxClient'
[2022.02.26-16.23.49:026][  0]LogTargetPlatformManager: Display: Loaded TargetPlatform 'LinuxServer'
[2022.02.26-16.23.49:032][  0]LogTargetPlatformManager: Display: Loaded TargetPlatform 'LinuxAArch64NoEditor'
[2022.02.26-16.23.49:034][  0]LogTargetPlatformManager: Display: Loaded TargetPlatform 'LinuxAArch64Client'
[2022.02.26-16.23.49:037][  0]LogTargetPlatformManager: Display: Loaded TargetPlatform 'LinuxAArch64Server'
[2022.02.26-16.23.49:052][  0]LogTargetPlatformManager: Display: Loaded TargetPlatform 'Lumin'
[2022.02.26-16.23.49:052][  0]LogTargetPlatformManager: Display: Loaded TargetPlatform 'LuminClient'
[2022.02.26-16.23.49:057][  0]LogTargetPlatformManager: Display: Loaded TargetPlatform 'MacNoEditor'
[2022.02.26-16.23.49:060][  0]LogTargetPlatformManager: Display: Loaded TargetPlatform 'Mac'
[2022.02.26-16.23.49:062][  0]LogTargetPlatformManager: Display: Loaded TargetPlatform 'MacClient'
[2022.02.26-16.23.49:064][  0]LogTargetPlatformManager: Display: Loaded TargetPlatform 'MacServer'
[2022.02.26-16.23.49:071][  0]LogTargetPlatformManager: Display: Loaded TargetPlatform 'TVOSClient'
[2022.02.26-16.23.49:071][  0]LogTargetPlatformManager: Display: Loaded TargetPlatform 'TVOS'
[2022.02.26-16.23.49:076][  0]LogTargetPlatformManager: Display: Loaded TargetPlatform 'WindowsNoEditor'
[2022.02.26-16.23.49:078][  0]LogTargetPlatformManager: Display: Loaded TargetPlatform 'Windows'
[2022.02.26-16.23.49:081][  0]LogTargetPlatformManager: Display: Loaded TargetPlatform 'WindowsClient'
[2022.02.26-16.23.49:083][  0]LogTargetPlatformManager: Display: Loaded TargetPlatform 'WindowsServer'
[2022.02.26-16.23.49:083][  0]LogTargetPlatformManager: Display: Building Assets For Windows
[2022.02.26-16.23.49:086][  0]LogAudioDebug: Display: Lib vorbis DLL was dynamically loaded.
[2022.02.26-16.23.49:099][  0]LogTextureFormatOodle: Display: Oodle Texture 2.9.0 init RDO Off
[2022.02.26-16.23.49:113][  0]LogRendererCore: Ray tracing is disabled. Reason: r.RayTracing=0.
[2022.02.26-16.23.49:113][  0]LogShaderCompilers: Guid format shader working directory is 15 characters bigger than the processId version (../../../../../../../Gjam/1/GameJam/Intermediate/Shaders/WorkingDirectory/5076/).
[2022.02.26-16.23.49:113][  0]LogShaderCompilers: Cleaned the shader compiler working directory 'C:/Users/WhiteLOrd/AppData/Local/Temp/UnrealShaderWorkingDir/7348545248E485F10729D7B4C27B972E/'.
[2022.02.26-16.23.49:113][  0]LogXGEController: Cannot use XGE Controller as Incredibuild is not installed on this machine.
[2022.02.26-16.23.49:113][  0]LogShaderCompilers: Cannot use XGE Shader Compiler as Incredibuild is not installed on this machine.
[2022.02.26-16.23.49:113][  0]LogShaderCompilers: Display: Using Local Shader Compiler.
[2022.02.26-16.23.49:753][  0]LogDerivedDataCache: Display: Max Cache Size: 512 MB
[2022.02.26-16.23.49:806][  0]LogDerivedDataCache: Loaded boot cache 0.05s 94MB C:/Users/WhiteLOrd/AppData/Local/UnrealEngine/4.27/DerivedDataCache/Boot.ddc.
[2022.02.26-16.23.49:806][  0]LogDerivedDataCache: Display: Loaded Boot cache: C:/Users/WhiteLOrd/AppData/Local/UnrealEngine/4.27/DerivedDataCache/Boot.ddc
[2022.02.26-16.23.49:806][  0]LogDerivedDataCache: FDerivedDataBackendGraph:  Pak pak cache file ../../../../../../../Gjam/1/GameJam/DerivedDataCache/DDC.ddp not found, will not use a pak cache.
[2022.02.26-16.23.49:806][  0]LogDerivedDataCache: Unable to find inner node Pak for hierarchical cache Hierarchy.
[2022.02.26-16.23.49:806][  0]LogDerivedDataCache: FDerivedDataBackendGraph:  CompressedPak pak cache file ../../../../../../../Gjam/1/GameJam/DerivedDataCache/Compressed.ddp not found, will not use a pak cache.
[2022.02.26-16.23.49:806][  0]LogDerivedDataCache: Unable to find inner node CompressedPak for hierarchical cache Hierarchy.
[2022.02.26-16.23.49:821][  0]LogDerivedDataCache: Display: Pak cache opened for reading ../../../Engine/DerivedDataCache/Compressed.ddp.
[2022.02.26-16.23.49:821][  0]LogDerivedDataCache: FDerivedDataBackendGraph:  EnterprisePak pak cache file ../../../Enterprise/DerivedDataCache/Compressed.ddp not found, will not use a pak cache.
[2022.02.26-16.23.49:821][  0]LogDerivedDataCache: Unable to find inner node EnterprisePak for hierarchical cache Hierarchy.
[2022.02.26-16.23.49:824][  0]LogDerivedDataCache: Speed tests for C:/Users/WhiteLOrd/AppData/Local/UnrealEngine/Common/DerivedDataCache took 0.00 seconds
[2022.02.26-16.23.49:824][  0]LogDerivedDataCache: Display: Performance to C:/Users/WhiteLOrd/AppData/Local/UnrealEngine/Common/DerivedDataCache: Latency=0.01ms. RandomReadSpeed=3139.65MBs, RandomWriteSpeed=381.99MBs. Assigned SpeedClass 'Local'
[2022.02.26-16.23.49:824][  0]LogDerivedDataCache: Using Local data cache path C:/Users/WhiteLOrd/AppData/Local/UnrealEngine/Common/DerivedDataCache: Writable
[2022.02.26-16.23.49:824][  0]LogDerivedDataCache: Shared data cache path not found in *engine.ini, will not use an Shared cache.
[2022.02.26-16.23.49:824][  0]LogDerivedDataCache: Unable to find inner node Shared for hierarchical cache Hierarchy.
[2022.02.26-16.23.49:863][  0]LogSlate: Using FreeType 2.10.0
[2022.02.26-16.23.49:863][  0]LogSlate: SlateFontServices - WITH_FREETYPE: 1, WITH_HARFBUZZ: 1
[2022.02.26-16.23.49:882][  0]LogAssetRegistry: FAssetRegistry took 0.0019 seconds to start up
[2022.02.26-16.23.50:066][  0]LogInit: Selected Device Profile: [Windows]
[2022.02.26-16.23.50:066][  0]LogInit: Active device profile: [0000004824880F00][0000004822753780 49] Windows
[2022.02.26-16.23.50:066][  0]LogInit: Profiles: [0000004824880F00][0000004822753780 49] Windows, [000000482482A400][0000004820A27900 49] WindowsNoEditor, [0000004824881F00][000000481A6A7A80 49] WindowsServer, [0000004824829500][000000481A6B3C00 49] WindowsClient, [0000004824881200][000000481A6B6200 49] IOS, [000000482482BA00][000000481ACD6380 49] iPadAir, [0000004824883300][0000004823B24500 49] iPadAir2, [000000482459D300][00000048223C0740 49] IPadPro, [000000482459D400][000000482275A780 49] iPadAir3, [0000004824828B00][0000004823B288C0 49] iPadAir4, [000000482459E100][0000004823B34A40 49] iPadMini2, [000000482482B400][0000004823B38BC0 49] iPadMini3, [000000482459EC00][0000004823B48D40 49] iPadMini4, [000000482482A600][0000004823B4CEC0 49] iPadMini5, [00000048245ACE00][0000004823B59180 49] iPhone6, [00000048245ACF00][0000004823B551C0 49] iPodTouch6, [0000004824883700][0000004823B0F480 49] iPhone7, [0000004824882800][0000004823B5D4C0 49] iPodTouch7, [000000482459D100][0000004823B1B640 49] iPhone5S, [0000004824881100][0000004823B797C0 49] iPhone6Plus, [000000482459EA00][000000481A69B940 49] iPhone6S, [0000004824881A00][0000004823B7DAC0 49] iPhone6SPlus, [00000048245AC100][00000048209B60C0 49] iPhone7Plus, [000000482459DD00][00000048209BA240 49] iPhoneSE, [00000048245ACC00][00000048253803C0 49] iPhone8, [000000482459C400][0000004825384540 49] iPhone8Plus, [00000048245AEA00][00000048253886C0 49] iPhoneX, [000000482459FC00][0000004823B30800 49] iPhoneXS, [00000048245AE900][000000482538C940 49] iPhoneXSMax, [000000482459CB00][0000004822466A80 49] iPhoneXR, [0000004824883800][000000482246ABC0 49] iPhone11, [000000482459FD00][0000004825394D40 49] iPhone11Pro, [0000004824881B00][0000004825398EC0 49] iPhone11ProMax, [000000482459D500][000000482539D040 49] iPhoneSE2, [0000004824881E00][00000048209EF1C0 49] iPhone12Mini, [000000482459F100][00000048209FF340 49] iPhone12, [0000004824883400][0000004820A034C0 49] iPhone12Pro, [000000482459CD00][000000482507F640 49] iPhone12ProMax, [0000004824883C00][00000048250877C0 49] iPadPro105, [000000482459F700][000000482508B940 49] iPadPro129, [0000004824882A00][0000004824D41AC0 49] iPadPro97, [000000482459C900][0000004824D820C0 49] iPadPro2_129, [0000004824880800][0000004824DEE240 49] iPad5, [000000482459D000][0000004824E303C0 49] iPad6, [0000004824880400][0000004824BA8540 49] iPad7, [000000482459EB00][0000004824C286C0 49] iPad8, [0000004824883500][0000004824C3C840 49] iPadPro11, [000000482459D800][0000004825390980 49] iPadPro2_11, [0000004824880900][00000048253B0AC0 49] iPadPro3_129, [000000482459E800][000000482543AC00 49] iPadPro4_129, [0000004824882E00][000000482543ED40 49] AppleTV, [000000482459FE00][0000004825446EC0 49] AppleTV4K, [0000004824880500][0000004825451040 49] TVOS, [000000482459D700][00000048255D91C0 49] Mac, [0000004824882300][0000004825311340 49] MacClient, [000000482459C800][00000048253154C0 49] MacNoEditor, [0000004824881000][0000004825319640 49] MacServer, [000000482459C500][000000482531D7C0 49] Linux, [0000004824882B00][0000004825321940 49] LinuxAArch64, [000000482459D600][0000004825325AC0 49] LinuxNoEditor, [0000004824882100][00000048253280C0 49] LinuxAArch64NoEditor, [000000482459F900][000000482532C240 49] LinuxClient, [0000004824882600][000000482535A3C0 49] LinuxAArch64Client, [000000482459E300][00000048223FC540 49] LinuxServer, [0000004824880700][00000048224146C0 49] LinuxAArch64Server, [000000482459DA00][0000004822420840 49] Android, [0000004824882200][000000482242A9C0 49] Android_Low, [000000482459DC00][0000004822434B40 49] Android_Mid, [0000004824881300][0000004825442C80 49] Android_High, [000000482459CE00][000000482535EDC0 49] Android_Default, [0000004824883600][0000004825362F00 49] Android_Adreno4xx, [000000482459CF00][000000482536B080 49] Android_Adreno5xx_Low, [0000004824883B00][000000482536F200 49] Android_Adreno5xx, [000000482459FA00][0000004825379380 49] Android_Adreno6xx, [0000004824880B00][000000482537D500 49] Android_Adreno6xx_Vulkan, [000000482459D900][000000482502D680 49] Android_Mali_T6xx, [0000004824880A00][0000004825031800 49] Android_Mali_T7xx, [0000004824829400][0000004824C7B980 49] Android_Mali_T8xx, [00000048245AC500][0000004824C7FB00 49] Android_Mali_G71, [0000004824828600][0000004824C82100 49] Android_Mali_G72, [00000048245AC300][0000004824C86280 49] Android_Mali_G72_Vulkan, [000000482482B300][0000004824C8A400 49] Android_Mali_G76, [00000048245AD000][00000048253B4580 49] Android_Mali_G76_Vulkan, [000000482482A000][00000048253B8700 49] Android_Mali_G77, [00000048245AEF00][00000048253BC880 49] Android_Mali_G77_Vulkan, [0000004824828E00][00000048253C0A00 49] Android_Mali_G78, [00000048245AF100][00000048253C4B80 49] Android_Mali_G78_Vulkan, [0000004824828800][00000048253F8D00 49] Android_Mali_G710, [00000048245AEC00][0000004825366E40 49] Android_Mali_G710_Vulkan, [000000482482B600][00000048253FCF80 49] Android_Vulkan_SM5, [00000048245AF500][00000048254010C0 49] Android_PowerVR_G6xxx, [0000004824829900][0000004820A07240 49] Android_PowerVR_GT7xxx, [00000048245ADD00][00000048254053C0 49] Android_PowerVR_GE8xxx, [000000482482AD00][0000004825409540 49] Android_PowerVR_GM9xxx, [00000048245AC800][000000482540D6C0 49] Android_PowerVR_GM9xxx_Vulkan, [000000482482B100][0000004824BB3840 49] Android_TegraK1, [00000048245AD200][0000004824F739C0 49] Android_Unknown_Vulkan, [000000482482A300][0000004824E4DB40 49] Lumin, [00000048245AF700][0000004824E48140 49] Lumin_Desktop, [000000482482A800][0000004824E3C2C0 49] HoloLens, 
[2022.02.26-16.23.50:163][  0]LogMeshReduction: Using QuadricMeshReduction for automatic static mesh reduction
[2022.02.26-16.23.50:163][  0]LogMeshReduction: Using SimplygonMeshReduction for automatic skeletal mesh reduction
[2022.02.26-16.23.50:163][  0]LogMeshReduction: Using ProxyLODMeshReduction for automatic mesh merging
[2022.02.26-16.23.50:163][  0]LogMeshReduction: No distributed automatic mesh merging module available
[2022.02.26-16.23.50:163][  0]LogMeshMerging: No distributed automatic mesh merging module available
[2022.02.26-16.23.50:173][  0]LogNetVersion: GameJam 1.0.0, NetCL: 17155196, EngineNetVer: 17, GameNetVer: 0 (Checksum: 483881507)
[2022.02.26-16.23.50:453][  0]LogTexture: Default maximum texture size for cubemaps generated from long-lat sources has been changed from 512 to unlimited. In order to preserve old behaiour for '/Engine/MapTemplates/Sky/DaylightAmbientCubemap.DaylightAmbientCubemap', its maximum texture size has been explicitly set to 512.
[2022.02.26-16.23.50:503][  0]LogHMD: PokeAHoleMaterial loaded successfully
[2022.02.26-16.23.50:508][  0]LogUObjectArray: 17178 objects as part of root set at end of initial load.
[2022.02.26-16.23.50:508][  0]LogUObjectAllocator: 4302048 out of 0 bytes used by permanent object pool.
[2022.02.26-16.23.50:508][  0]LogUObjectArray: CloseDisregardForGC: 0/0 objects in disregard for GC pool
[2022.02.26-16.23.50:653][  0]LogPython: Using Python 3.7.7
[2022.02.26-16.23.51:085][  0]LogNiagaraDebuggerClient: Niagara Debugger Client Initialized | Session: 76FCDFCB4D54160A3CCBB0A6811580BF | Instance: C013F1A14C1BED04B359B6A0EEC4B194 (SVYAGA-5076).
[2022.02.26-16.23.51:181][  0]LogTcpMessaging: Initializing TcpMessaging bridge
[2022.02.26-16.23.51:184][  0]LogUdpMessaging: Initializing bridge on interface 0.0.0.0:0 to multicast group 230.0.0.1:6666.
[2022.02.26-16.23.51:259][  0]SourceControl: Source control is disabled
[2022.02.26-16.23.51:259][  0]SourceControl: Source control is disabled
[2022.02.26-16.23.51:261][  0]SourceControl: Source control is disabled
[2022.02.26-16.23.51:262][  0]SourceControl: Source control is disabled
[2022.02.26-16.23.51:268][  0]SourceControl: Source control is disabled
[2022.02.26-16.23.51:269][  0]LogUProjectInfo: Found projects:
[2022.02.26-16.23.51:369][  0]LogOpenImageDenoise: OIDN starting up
[2022.02.26-16.23.51:399][  0]LogAndroidPermission: UAndroidPermissionCallbackProxy::GetInstance
[2022.02.26-16.23.51:410][  0]LogAudioCaptureCore: Display: No Audio Capture implementations found. Audio input will be silent.
[2022.02.26-16.23.51:410][  0]LogAudioCaptureCore: Display: No Audio Capture implementations found. Audio input will be silent.
[2022.02.26-16.23.51:499][  0]LogCollectionManager: Loaded 0 collections in 0.000398 seconds
[2022.02.26-16.23.51:514][  0]LogFileCache: Scanning file cache for directory 'D:/Gjam/1/GameJam/Saved/Collections/' took 0.00s
[2022.02.26-16.23.51:514][  0]LogFileCache: Scanning file cache for directory 'D:/Gjam/1/GameJam/Content/Developers/WhiteLOrd/Collections/' took 0.00s
[2022.02.26-16.23.51:514][  0]LogFileCache: Scanning file cache for directory 'D:/Gjam/1/GameJam/Content/Collections/' took 0.00s
[2022.02.26-16.23.51:514][  0]LogOcInput: OculusInput pre-init called
[2022.02.26-16.23.51:692][  0]LogEngine: Initializing Engine...
[2022.02.26-16.23.51:693][  0]LogHMD: Failed to enumerate extensions. Please check that you have a valid OpenXR runtime installed.
[2022.02.26-16.23.51:693][  0]LogHMD: Failed to initialize OpenVR with code 110
[2022.02.26-16.23.51:693][  0]LogMagicLeap: Warning: VR disabled because ZI is not enabled.  To enable, in the editor, Edit -> Project Settings -> Plugins -> Magic Leap Plugin -> Enable Zero Iteration
[2022.02.26-16.23.51:694][  0]LogStats: UGameplayTagsManager::InitializeManager -  0.000 s
[2022.02.26-16.23.51:794][  0]LogWindowsTextInputMethodSystem: Display: IME system deactivated.
[2022.02.26-16.23.51:794][  0]LogInit: Initializing FReadOnlyCVARCache
[2022.02.26-16.23.51:800][  0]LogAIModule: Creating AISystem for world Untitled
[2022.02.26-16.23.51:814][  0]LogAudio: Display: Initializing Audio Device Manager...
[2022.02.26-16.23.51:816][  0]LogAudio: Display: Loading Default Audio Settings Objects...
[2022.02.26-16.23.51:816][  0]LogAudio: Display: No default SoundConcurrencyObject specified (or failed to load).
[2022.02.26-16.23.51:816][  0]LogAudio: Display: Audio Device Manager Initialized
[2022.02.26-16.23.51:816][  0]LogAudio: Display: Creating Audio Device:                 Id: 1, Scope: Shared, Realtime: True
[2022.02.26-16.23.51:816][  0]LogAudioMixer: Display: Audio Mixer Platform Settings:
[2022.02.26-16.23.51:816][  0]LogAudioMixer: Display: 	Sample Rate:						  48000
[2022.02.26-16.23.51:816][  0]LogAudioMixer: Display: 	Callback Buffer Frame Size Requested: 1024
[2022.02.26-16.23.51:816][  0]LogAudioMixer: Display: 	Callback Buffer Frame Size To Use:	  1024
[2022.02.26-16.23.51:816][  0]LogAudioMixer: Display: 	Number of buffers to queue:			  2
[2022.02.26-16.23.51:816][  0]LogAudioMixer: Display: 	Max Channels (voices):				  32
[2022.02.26-16.23.51:816][  0]LogAudioMixer: Display: 	Number of Async Source Workers:		  0
[2022.02.26-16.23.51:816][  0]LogAudio: Display: AudioDevice MaxSources: 32
[2022.02.26-16.23.51:817][  0]LogAudio: Display: Audio Spatialization Plugin: None (built-in).
[2022.02.26-16.23.51:817][  0]LogAudio: Display: Audio Reverb Plugin: None (built-in).
[2022.02.26-16.23.51:817][  0]LogAudio: Display: Audio Occlusion Plugin: None (built-in).
[2022.02.26-16.23.51:817][  0]LogAudioMixer: Display: Initializing audio mixer.
[2022.02.26-16.23.51:819][  0]LogAudioMixer: Display: 0: FrontLeft
[2022.02.26-16.23.51:819][  0]LogAudioMixer: Display: 1: FrontRight
[2022.02.26-16.23.51:830][  0]LogAudioMixer: Display: Using Audio Device Динамики (2- Устройство с поддержкой High Definition Audio)
[2022.02.26-16.23.51:830][  0]LogAudioMixer: Display: Initializing Sound Submixes...
[2022.02.26-16.23.51:831][  0]LogAudioMixer: Display: Creating Master Submix 'MasterSubmixDefault'
[2022.02.26-16.23.51:831][  0]LogAudioMixer: Display: Creating Master Submix 'MasterReverbSubmixDefault'
[2022.02.26-16.23.51:832][  0]LogAudioMixer: Display: Creating Master Submix 'MasterEQSubmixDefault'
[2022.02.26-16.23.51:832][  0]LogAudioMixer: FMixerPlatformXAudio2::StartAudioStream() called
[2022.02.26-16.23.51:832][  0]LogAudioMixer: Display: Output buffers initialized: Frames=1024, Channels=2, Samples=2048
[2022.02.26-16.23.51:832][  0]LogAudioMixer: Display: Starting AudioMixerPlatformInterface::RunInternal()
[2022.02.26-16.23.51:832][  0]LogAudioMixer: Display: FMixerPlatformXAudio2::SubmitBuffer() called for the first time
[2022.02.26-16.23.51:832][  0]LogInit: FAudioDevice initialized.
[2022.02.26-16.23.51:833][  0]LogAudio: Display: Audio Device (ID: 1) registered with world 'Untitled'.
[2022.02.26-16.23.51:833][  0]LogNetVersion: Set ProjectVersion to 1.0.0.0. Version Checksum will be recalculated on next use.
[2022.02.26-16.23.51:933][  0]LogDerivedDataCache: Saved boot cache 0.10s 94MB C:/Users/WhiteLOrd/AppData/Local/UnrealEngine/4.27/DerivedDataCache/Boot.ddc.
[2022.02.26-16.23.51:933][  0]LogInit: Texture streaming: Enabled
[2022.02.26-16.23.51:940][  0]LogAnalytics: Display: [UEEditor.Rocket.Release] APIServer = https://datarouter.ol.epicgames.com/. AppVersion = 4.27.2-18319896+++UE4+Release-4.27
[2022.02.26-16.23.51:944][  0]LogEngineSessionManager: EngineSessionManager initialized
[2022.02.26-16.23.51:944][  0]LogEditorSessionSummary: Verbose: Initializing EditorSessionSummaryWriter for editor session tracking
[2022.02.26-16.23.51:945][  0]LogEditorSessionSummary: EditorSessionSummaryWriter initialized
[2022.02.26-16.23.51:968][  0]LogInit: Transaction tracking system initialized
[2022.02.26-16.23.51:979][  0]BlueprintLog: New page: Editor Load
[2022.02.26-16.23.52:007][  0]LocalizationService: Localization service is disabled
[2022.02.26-16.23.52:018][  0]TimingProfiler: Initialize
[2022.02.26-16.23.52:018][  0]TimingProfiler: OnSessionChanged
[2022.02.26-16.23.52:018][  0]LoadingProfiler: Initialize
[2022.02.26-16.23.52:018][  0]LoadingProfiler: OnSessionChanged
[2022.02.26-16.23.52:018][  0]NetworkingProfiler: Initialize
[2022.02.26-16.23.52:018][  0]NetworkingProfiler: OnSessionChanged
[2022.02.26-16.23.52:018][  0]MemoryProfiler: Initialize
[2022.02.26-16.23.52:018][  0]MemoryProfiler: OnSessionChanged
[2022.02.26-16.23.52:121][  0]LogCook: Display: CookSettings for Memory: MemoryMaxUsedVirtual 0MiB, MemoryMaxUsedPhysical 16384MiB, MemoryMinFreeVirtual 0MiB, MemoryMinFreePhysical 1024MiB
[2022.02.26-16.23.52:121][  0]LogCook: Display: Mobile HDR setting 1
[2022.02.26-16.23.52:169][  0]LogFileCache: Scanning file cache for directory 'D:/Gjam/1/GameJam/Content/' took 0.00s
[2022.02.26-16.23.52:362][  0]LogInit: Display: Engine is initialized. Leaving FEngineLoop::Init()
[2022.02.26-16.23.52:364][  0]SourceControl: Source control is disabled
[2022.02.26-16.23.52:364][  0]LogUnrealEdMisc: Loading editor; pre map load, took 8.344
[2022.02.26-16.23.52:364][  0]Cmd: MAP LOAD FILE="../../../Engine/Content/Maps/Templates/Template_Default.umap" TEMPLATE=1 SHOWPROGRESS=1 FEATURELEVEL=3
[2022.02.26-16.23.52:364][  0]LightingResults: New page: Lighting Build
[2022.02.26-16.23.52:365][  0]LogWorld: UWorld::CleanupWorld for Untitled, bSessionEnded=true, bCleanupResources=true
[2022.02.26-16.23.52:365][  0]LogSlate: InvalidateAllWidgets triggered.  All widgets were invalidated
[2022.02.26-16.23.52:365][  0]MapCheck: New page: Map Check
[2022.02.26-16.23.52:365][  0]LightingResults: New page: Lighting Build
[2022.02.26-16.23.52:370][  0]LogAudio: Display: Audio Device unregistered from world 'None'.
[2022.02.26-16.23.52:372][  0]LogUObjectHash: Compacting FUObjectHashTables data took   0.67ms
[2022.02.26-16.23.52:413][  0]LogTexture: Display: Building textures: DeprecatedTextureEB9CBE3C423008B5E8E130901E171C89 (BGRA8, 128X128)
[2022.02.26-16.23.52:420][  0]LogAudio: Display: Audio Device (ID: 1) registered with world 'Untitled_1'.
[2022.02.26-16.23.52:422][  0]LogAIModule: Creating AISystem for world Untitled_1
[2022.02.26-16.23.52:424][  0]LogEditorServer: Finished looking for orphan Actors (0.000 secs)
[2022.02.26-16.23.52:434][  0]LogUObjectHash: Compacting FUObjectHashTables data took   0.78ms
[2022.02.26-16.23.52:434][  0]Cmd: MAP CHECKDEP NOCLEARLOG
[2022.02.26-16.23.52:434][  0]MapCheck: Map check complete: 0 Error(s), 0 Warning(s), took 0,07ms to complete.
[2022.02.26-16.23.52:434][  0]LogFileHelpers: Loading map 'Template_Default' took 0.070
[2022.02.26-16.23.52:436][  0]LogUnrealEdMisc: Total Editor Startup Time, took 8.415
[2022.02.26-16.23.52:562][  0]LogSlate: Updating window title bar state: overlay mode, drag disabled, window buttons hidden, title bar hidden
[2022.02.26-16.23.52:571][  0]LogSlate: Updating window title bar state: overlay mode, drag disabled, window buttons hidden, title bar hidden
[2022.02.26-16.23.52:576][  0]LogSlate: Updating window title bar state: overlay mode, drag disabled, window buttons hidden, title bar hidden
[2022.02.26-16.23.52:581][  0]LogSlate: Updating window title bar state: overlay mode, drag disabled, window buttons hidden, title bar hidden
[2022.02.26-16.23.52:595][  0]LogNativeClassHierarchy: Verbose: Native class hierarchy populated in 0.0116 seconds. Added 3822 classes and 928 folders.
[2022.02.26-16.23.52:597][  0]LogNativeClassHierarchy: Verbose: Native class hierarchy updated for 'WidgetCarousel' in 0.0002 seconds. Added 0 classes and 0 folders.
[2022.02.26-16.23.52:598][  0]LogPakFile: PakFile PrimaryIndexSize=187
[2022.02.26-16.23.52:598][  0]LogPakFile: PakFile PathHashIndexSize=101
[2022.02.26-16.23.52:598][  0]LogPakFile: PakFile FullDirectoryIndexSize=148
[2022.02.26-16.23.52:598][  0]LogShaderLibrary: Display: ShaderCodeLibraryPakFileMountedCallback: PakFile 'D:/Program Files/EGS/Epic Games/UE_4.27/FeaturePacks/FP_FirstPerson.upack' (chunk index -1, root 'root:/') mounted
[2022.02.26-16.23.52:598][  0]LogShaderLibrary: Display: ShaderCodeLibraryPakFileMountedCallback: pending pak file info (ChunkID:-1 Root:root:/ File:D:/Program Files/EGS/Epic Games/UE_4.27/FeaturePacks/FP_FirstPerson.upack)
[2022.02.26-16.23.52:598][  0]LogPakFile: OnPakFileMounted2Time == 0.000041
[2022.02.26-16.23.52:598][  0]LogPakFile: PakFile PrimaryIndexSize=189
[2022.02.26-16.23.52:598][  0]LogPakFile: PakFile PathHashIndexSize=101
[2022.02.26-16.23.52:598][  0]LogPakFile: PakFile FullDirectoryIndexSize=152
[2022.02.26-16.23.52:598][  0]LogShaderLibrary: Display: ShaderCodeLibraryPakFileMountedCallback: PakFile 'D:/Program Files/EGS/Epic Games/UE_4.27/FeaturePacks/FP_FirstPersonBP.upack' (chunk index -1, root 'root:/') mounted
[2022.02.26-16.23.52:598][  0]LogShaderLibrary: Display: ShaderCodeLibraryPakFileMountedCallback: pending pak file info (ChunkID:-1 Root:root:/ File:D:/Program Files/EGS/Epic Games/UE_4.27/FeaturePacks/FP_FirstPersonBP.upack)
[2022.02.26-16.23.52:598][  0]LogPakFile: OnPakFileMounted2Time == 0.000027
[2022.02.26-16.23.52:598][  0]LogPakFile: PakFile PrimaryIndexSize=191
[2022.02.26-16.23.52:598][  0]LogPakFile: PakFile PathHashIndexSize=101
[2022.02.26-16.23.52:598][  0]LogPakFile: PakFile FullDirectoryIndexSize=160
[2022.02.26-16.23.52:598][  0]LogShaderLibrary: Display: ShaderCodeLibraryPakFileMountedCallback: PakFile 'D:/Program Files/EGS/Epic Games/UE_4.27/FeaturePacks/MobileStarterContent.upack' (chunk index -1, root 'root:/') mounted
[2022.02.26-16.23.52:598][  0]LogShaderLibrary: Display: ShaderCodeLibraryPakFileMountedCallback: pending pak file info (ChunkID:-1 Root:root:/ File:D:/Program Files/EGS/Epic Games/UE_4.27/FeaturePacks/MobileStarterContent.upack)
[2022.02.26-16.23.52:598][  0]LogPakFile: OnPakFileMounted2Time == 0.000024
[2022.02.26-16.23.52:599][  0]LogPakFile: PakFile PrimaryIndexSize=185
[2022.02.26-16.23.52:599][  0]LogPakFile: PakFile PathHashIndexSize=101
[2022.02.26-16.23.52:599][  0]LogPakFile: PakFile FullDirectoryIndexSize=148
[2022.02.26-16.23.52:599][  0]LogShaderLibrary: Display: ShaderCodeLibraryPakFileMountedCallback: PakFile 'D:/Program Files/EGS/Epic Games/UE_4.27/FeaturePacks/StarterContent.upack' (chunk index -1, root 'root:/') mounted
[2022.02.26-16.23.52:599][  0]LogShaderLibrary: Display: ShaderCodeLibraryPakFileMountedCallback: pending pak file info (ChunkID:-1 Root:root:/ File:D:/Program Files/EGS/Epic Games/UE_4.27/FeaturePacks/StarterContent.upack)
[2022.02.26-16.23.52:599][  0]LogPakFile: OnPakFileMounted2Time == 0.000026
[2022.02.26-16.23.52:599][  0]LogPakFile: PakFile PrimaryIndexSize=190
[2022.02.26-16.23.52:599][  0]LogPakFile: PakFile PathHashIndexSize=101
[2022.02.26-16.23.52:599][  0]LogPakFile: PakFile FullDirectoryIndexSize=154
[2022.02.26-16.23.52:599][  0]LogShaderLibrary: Display: ShaderCodeLibraryPakFileMountedCallback: PakFile 'D:/Program Files/EGS/Epic Games/UE_4.27/FeaturePacks/TP_2DSideScroller.upack' (chunk index -1, root 'root:/') mounted
[2022.02.26-16.23.52:599][  0]LogShaderLibrary: Display: ShaderCodeLibraryPakFileMountedCallback: pending pak file info (ChunkID:-1 Root:root:/ File:D:/Program Files/EGS/Epic Games/UE_4.27/FeaturePacks/TP_2DSideScroller.upack)
[2022.02.26-16.23.52:599][  0]LogPakFile: OnPakFileMounted2Time == 0.000024
[2022.02.26-16.23.52:599][  0]LogPakFile: PakFile PrimaryIndexSize=192
[2022.02.26-16.23.52:599][  0]LogPakFile: PakFile PathHashIndexSize=101
[2022.02.26-16.23.52:599][  0]LogPakFile: PakFile FullDirectoryIndexSize=158
[2022.02.26-16.23.52:599][  0]LogShaderLibrary: Display: ShaderCodeLibraryPakFileMountedCallback: PakFile 'D:/Program Files/EGS/Epic Games/UE_4.27/FeaturePacks/TP_2DSideScrollerBP.upack' (chunk index -1, root 'root:/') mounted
[2022.02.26-16.23.52:599][  0]LogShaderLibrary: Display: ShaderCodeLibraryPakFileMountedCallback: pending pak file info (ChunkID:-1 Root:root:/ File:D:/Program Files/EGS/Epic Games/UE_4.27/FeaturePacks/TP_2DSideScrollerBP.upack)
[2022.02.26-16.23.52:599][  0]LogPakFile: OnPakFileMounted2Time == 0.000025
[2022.02.26-16.23.52:600][  0]LogPakFile: PakFile PrimaryIndexSize=182
[2022.02.26-16.23.52:600][  0]LogPakFile: PakFile PathHashIndexSize=101
[2022.02.26-16.23.52:600][  0]LogPakFile: PakFile FullDirectoryIndexSize=138
[2022.02.26-16.23.52:600][  0]LogShaderLibrary: Display: ShaderCodeLibraryPakFileMountedCallback: PakFile 'D:/Program Files/EGS/Epic Games/UE_4.27/FeaturePacks/TP_Flying.upack' (chunk index -1, root 'root:/') mounted
[2022.02.26-16.23.52:600][  0]LogShaderLibrary: Display: ShaderCodeLibraryPakFileMountedCallback: pending pak file info (ChunkID:-1 Root:root:/ File:D:/Program Files/EGS/Epic Games/UE_4.27/FeaturePacks/TP_Flying.upack)
[2022.02.26-16.23.52:600][  0]LogPakFile: OnPakFileMounted2Time == 0.000024
[2022.02.26-16.23.52:600][  0]LogPakFile: PakFile PrimaryIndexSize=184
[2022.02.26-16.23.52:600][  0]LogPakFile: PakFile PathHashIndexSize=101
[2022.02.26-16.23.52:600][  0]LogPakFile: PakFile FullDirectoryIndexSize=142
[2022.02.26-16.23.52:600][  0]LogShaderLibrary: Display: ShaderCodeLibraryPakFileMountedCallback: PakFile 'D:/Program Files/EGS/Epic Games/UE_4.27/FeaturePacks/TP_FlyingBP.upack' (chunk index -1, root 'root:/') mounted
[2022.02.26-16.23.52:600][  0]LogShaderLibrary: Display: ShaderCodeLibraryPakFileMountedCallback: pending pak file info (ChunkID:-1 Root:root:/ File:D:/Program Files/EGS/Epic Games/UE_4.27/FeaturePacks/TP_FlyingBP.upack)
[2022.02.26-16.23.52:600][  0]LogPakFile: OnPakFileMounted2Time == 0.000025
[2022.02.26-16.23.52:600][  0]LogPakFile: PakFile PrimaryIndexSize=188
[2022.02.26-16.23.52:600][  0]LogPakFile: PakFile PathHashIndexSize=101
[2022.02.26-16.23.52:600][  0]LogPakFile: PakFile FullDirectoryIndexSize=150
[2022.02.26-16.23.52:600][  0]LogShaderLibrary: Display: ShaderCodeLibraryPakFileMountedCallback: PakFile 'D:/Program Files/EGS/Epic Games/UE_4.27/FeaturePacks/TP_HandheldARBP.upack' (chunk index -1, root 'root:/') mounted
[2022.02.26-16.23.52:600][  0]LogShaderLibrary: Display: ShaderCodeLibraryPakFileMountedCallback: pending pak file info (ChunkID:-1 Root:root:/ File:D:/Program Files/EGS/Epic Games/UE_4.27/FeaturePacks/TP_HandheldARBP.upack)
[2022.02.26-16.23.52:600][  0]LogPakFile: OnPakFileMounted2Time == 0.000025
[2022.02.26-16.23.52:601][  0]LogPakFile: PakFile PrimaryIndexSize=182
[2022.02.26-16.23.52:601][  0]LogPakFile: PakFile PathHashIndexSize=101
[2022.02.26-16.23.52:601][  0]LogPakFile: PakFile FullDirectoryIndexSize=138
[2022.02.26-16.23.52:601][  0]LogShaderLibrary: Display: ShaderCodeLibraryPakFileMountedCallback: PakFile 'D:/Program Files/EGS/Epic Games/UE_4.27/FeaturePacks/TP_Puzzle.upack' (chunk index -1, root 'root:/') mounted
[2022.02.26-16.23.52:601][  0]LogShaderLibrary: Display: ShaderCodeLibraryPakFileMountedCallback: pending pak file info (ChunkID:-1 Root:root:/ File:D:/Program Files/EGS/Epic Games/UE_4.27/FeaturePacks/TP_Puzzle.upack)
[2022.02.26-16.23.52:601][  0]LogPakFile: OnPakFileMounted2Time == 0.000024
[2022.02.26-16.23.52:601][  0]LogPakFile: PakFile PrimaryIndexSize=184
[2022.02.26-16.23.52:601][  0]LogPakFile: PakFile PathHashIndexSize=101
[2022.02.26-16.23.52:601][  0]LogPakFile: PakFile FullDirectoryIndexSize=142
[2022.02.26-16.23.52:601][  0]LogShaderLibrary: Display: ShaderCodeLibraryPakFileMountedCallback: PakFile 'D:/Program Files/EGS/Epic Games/UE_4.27/FeaturePacks/TP_PuzzleBP.upack' (chunk index -1, root 'root:/') mounted
[2022.02.26-16.23.52:601][  0]LogShaderLibrary: Display: ShaderCodeLibraryPakFileMountedCallback: pending pak file info (ChunkID:-1 Root:root:/ File:D:/Program Files/EGS/Epic Games/UE_4.27/FeaturePacks/TP_PuzzleBP.upack)
[2022.02.26-16.23.52:601][  0]LogPakFile: OnPakFileMounted2Time == 0.000024
[2022.02.26-16.23.52:601][  0]LogPakFile: PakFile PrimaryIndexSize=183
[2022.02.26-16.23.52:601][  0]LogPakFile: PakFile PathHashIndexSize=101
[2022.02.26-16.23.52:601][  0]LogPakFile: PakFile FullDirectoryIndexSize=140
[2022.02.26-16.23.52:601][  0]LogShaderLibrary: Display: ShaderCodeLibraryPakFileMountedCallback: PakFile 'D:/Program Files/EGS/Epic Games/UE_4.27/FeaturePacks/TP_Rolling.upack' (chunk index -1, root 'root:/') mounted
[2022.02.26-16.23.52:601][  0]LogShaderLibrary: Display: ShaderCodeLibraryPakFileMountedCallback: pending pak file info (ChunkID:-1 Root:root:/ File:D:/Program Files/EGS/Epic Games/UE_4.27/FeaturePacks/TP_Rolling.upack)
[2022.02.26-16.23.52:601][  0]LogPakFile: OnPakFileMounted2Time == 0.000025
[2022.02.26-16.23.52:601][  0]LogPakFile: PakFile PrimaryIndexSize=185
[2022.02.26-16.23.52:602][  0]LogPakFile: PakFile PathHashIndexSize=101
[2022.02.26-16.23.52:602][  0]LogPakFile: PakFile FullDirectoryIndexSize=144
[2022.02.26-16.23.52:602][  0]LogShaderLibrary: Display: ShaderCodeLibraryPakFileMountedCallback: PakFile 'D:/Program Files/EGS/Epic Games/UE_4.27/FeaturePacks/TP_RollingBP.upack' (chunk index -1, root 'root:/') mounted
[2022.02.26-16.23.52:602][  0]LogShaderLibrary: Display: ShaderCodeLibraryPakFileMountedCallback: pending pak file info (ChunkID:-1 Root:root:/ File:D:/Program Files/EGS/Epic Games/UE_4.27/FeaturePacks/TP_RollingBP.upack)
[2022.02.26-16.23.52:602][  0]LogPakFile: OnPakFileMounted2Time == 0.000024
[2022.02.26-16.23.52:602][  0]LogPakFile: PakFile PrimaryIndexSize=188
[2022.02.26-16.23.52:602][  0]LogPakFile: PakFile PathHashIndexSize=101
[2022.02.26-16.23.52:602][  0]LogPakFile: PakFile FullDirectoryIndexSize=150
[2022.02.26-16.23.52:602][  0]LogShaderLibrary: Display: ShaderCodeLibraryPakFileMountedCallback: PakFile 'D:/Program Files/EGS/Epic Games/UE_4.27/FeaturePacks/TP_SideScroller.upack' (chunk index -1, root 'root:/') mounted
[2022.02.26-16.23.52:602][  0]LogShaderLibrary: Display: ShaderCodeLibraryPakFileMountedCallback: pending pak file info (ChunkID:-1 Root:root:/ File:D:/Program Files/EGS/Epic Games/UE_4.27/FeaturePacks/TP_SideScroller.upack)
[2022.02.26-16.23.52:602][  0]LogPakFile: OnPakFileMounted2Time == 0.000024
[2022.02.26-16.23.52:602][  0]LogPakFile: PakFile PrimaryIndexSize=190
[2022.02.26-16.23.52:602][  0]LogPakFile: PakFile PathHashIndexSize=101
[2022.02.26-16.23.52:602][  0]LogPakFile: PakFile FullDirectoryIndexSize=154
[2022.02.26-16.23.52:602][  0]LogShaderLibrary: Display: ShaderCodeLibraryPakFileMountedCallback: PakFile 'D:/Program Files/EGS/Epic Games/UE_4.27/FeaturePacks/TP_SideScrollerBP.upack' (chunk index -1, root 'root:/') mounted
[2022.02.26-16.23.52:602][  0]LogShaderLibrary: Display: ShaderCodeLibraryPakFileMountedCallback: pending pak file info (ChunkID:-1 Root:root:/ File:D:/Program Files/EGS/Epic Games/UE_4.27/FeaturePacks/TP_SideScrollerBP.upack)
[2022.02.26-16.23.52:602][  0]LogPakFile: OnPakFileMounted2Time == 0.000024
[2022.02.26-16.23.52:602][  0]LogPakFile: PakFile PrimaryIndexSize=187
[2022.02.26-16.23.52:602][  0]LogPakFile: PakFile PathHashIndexSize=101
[2022.02.26-16.23.52:602][  0]LogPakFile: PakFile FullDirectoryIndexSize=148
[2022.02.26-16.23.52:602][  0]LogShaderLibrary: Display: ShaderCodeLibraryPakFileMountedCallback: PakFile 'D:/Program Files/EGS/Epic Games/UE_4.27/FeaturePacks/TP_ThirdPerson.upack' (chunk index -1, root 'root:/') mounted
[2022.02.26-16.23.52:602][  0]LogShaderLibrary: Display: ShaderCodeLibraryPakFileMountedCallback: pending pak file info (ChunkID:-1 Root:root:/ File:D:/Program Files/EGS/Epic Games/UE_4.27/FeaturePacks/TP_ThirdPerson.upack)
[2022.02.26-16.23.52:602][  0]LogPakFile: OnPakFileMounted2Time == 0.000027
[2022.02.26-16.23.52:603][  0]LogPakFile: PakFile PrimaryIndexSize=189
[2022.02.26-16.23.52:603][  0]LogPakFile: PakFile PathHashIndexSize=101
[2022.02.26-16.23.52:603][  0]LogPakFile: PakFile FullDirectoryIndexSize=152
[2022.02.26-16.23.52:603][  0]LogShaderLibrary: Display: ShaderCodeLibraryPakFileMountedCallback: PakFile 'D:/Program Files/EGS/Epic Games/UE_4.27/FeaturePacks/TP_ThirdPersonBP.upack' (chunk index -1, root 'root:/') mounted
[2022.02.26-16.23.52:603][  0]LogShaderLibrary: Display: ShaderCodeLibraryPakFileMountedCallback: pending pak file info (ChunkID:-1 Root:root:/ File:D:/Program Files/EGS/Epic Games/UE_4.27/FeaturePacks/TP_ThirdPersonBP.upack)
[2022.02.26-16.23.52:603][  0]LogPakFile: OnPakFileMounted2Time == 0.000024
[2022.02.26-16.23.52:603][  0]LogPakFile: PakFile PrimaryIndexSize=183
[2022.02.26-16.23.52:603][  0]LogPakFile: PakFile PathHashIndexSize=101
[2022.02.26-16.23.52:603][  0]LogPakFile: PakFile FullDirectoryIndexSize=140
[2022.02.26-16.23.52:603][  0]LogShaderLibrary: Display: ShaderCodeLibraryPakFileMountedCallback: PakFile 'D:/Program Files/EGS/Epic Games/UE_4.27/FeaturePacks/TP_TopDown.upack' (chunk index -1, root 'root:/') mounted
[2022.02.26-16.23.52:603][  0]LogShaderLibrary: Display: ShaderCodeLibraryPakFileMountedCallback: pending pak file info (ChunkID:-1 Root:root:/ File:D:/Program Files/EGS/Epic Games/UE_4.27/FeaturePacks/TP_TopDown.upack)
[2022.02.26-16.23.52:603][  0]LogPakFile: OnPakFileMounted2Time == 0.000030
[2022.02.26-16.23.52:603][  0]LogPakFile: PakFile PrimaryIndexSize=185
[2022.02.26-16.23.52:603][  0]LogPakFile: PakFile PathHashIndexSize=101
[2022.02.26-16.23.52:603][  0]LogPakFile: PakFile FullDirectoryIndexSize=144
[2022.02.26-16.23.52:603][  0]LogShaderLibrary: Display: ShaderCodeLibraryPakFileMountedCallback: PakFile 'D:/Program Files/EGS/Epic Games/UE_4.27/FeaturePacks/TP_TopDownBP.upack' (chunk index -1, root 'root:/') mounted
[2022.02.26-16.23.52:603][  0]LogShaderLibrary: Display: ShaderCodeLibraryPakFileMountedCallback: pending pak file info (ChunkID:-1 Root:root:/ File:D:/Program Files/EGS/Epic Games/UE_4.27/FeaturePacks/TP_TopDownBP.upack)
[2022.02.26-16.23.52:603][  0]LogPakFile: OnPakFileMounted2Time == 0.000025
[2022.02.26-16.23.52:604][  0]LogPakFile: PakFile PrimaryIndexSize=185
[2022.02.26-16.23.52:604][  0]LogPakFile: PakFile PathHashIndexSize=101
[2022.02.26-16.23.52:604][  0]LogPakFile: PakFile FullDirectoryIndexSize=144
[2022.02.26-16.23.52:604][  0]LogShaderLibrary: Display: ShaderCodeLibraryPakFileMountedCallback: PakFile 'D:/Program Files/EGS/Epic Games/UE_4.27/FeaturePacks/TP_TwinStick.upack' (chunk index -1, root 'root:/') mounted
[2022.02.26-16.23.52:604][  0]LogShaderLibrary: Display: ShaderCodeLibraryPakFileMountedCallback: pending pak file info (ChunkID:-1 Root:root:/ File:D:/Program Files/EGS/Epic Games/UE_4.27/FeaturePacks/TP_TwinStick.upack)
[2022.02.26-16.23.52:604][  0]LogPakFile: OnPakFileMounted2Time == 0.000024
[2022.02.26-16.23.52:604][  0]LogPakFile: PakFile PrimaryIndexSize=187
[2022.02.26-16.23.52:604][  0]LogPakFile: PakFile PathHashIndexSize=101
[2022.02.26-16.23.52:604][  0]LogPakFile: PakFile FullDirectoryIndexSize=148
[2022.02.26-16.23.52:604][  0]LogShaderLibrary: Display: ShaderCodeLibraryPakFileMountedCallback: PakFile 'D:/Program Files/EGS/Epic Games/UE_4.27/FeaturePacks/TP_TwinStickBP.upack' (chunk index -1, root 'root:/') mounted
[2022.02.26-16.23.52:604][  0]LogShaderLibrary: Display: ShaderCodeLibraryPakFileMountedCallback: pending pak file info (ChunkID:-1 Root:root:/ File:D:/Program Files/EGS/Epic Games/UE_4.27/FeaturePacks/TP_TwinStickBP.upack)
[2022.02.26-16.23.52:604][  0]LogPakFile: OnPakFileMounted2Time == 0.000025
[2022.02.26-16.23.52:604][  0]LogPakFile: PakFile PrimaryIndexSize=183
[2022.02.26-16.23.52:604][  0]LogPakFile: PakFile PathHashIndexSize=101
[2022.02.26-16.23.52:604][  0]LogPakFile: PakFile FullDirectoryIndexSize=140
[2022.02.26-16.23.52:604][  0]LogShaderLibrary: Display: ShaderCodeLibraryPakFileMountedCallback: PakFile 'D:/Program Files/EGS/Epic Games/UE_4.27/FeaturePacks/TP_Vehicle.upack' (chunk index -1, root 'root:/') mounted
[2022.02.26-16.23.52:604][  0]LogShaderLibrary: Display: ShaderCodeLibraryPakFileMountedCallback: pending pak file info (ChunkID:-1 Root:root:/ File:D:/Program Files/EGS/Epic Games/UE_4.27/FeaturePacks/TP_Vehicle.upack)
[2022.02.26-16.23.52:604][  0]LogPakFile: OnPakFileMounted2Time == 0.000024
[2022.02.26-16.23.52:604][  0]LogPakFile: PakFile PrimaryIndexSize=186
[2022.02.26-16.23.52:604][  0]LogPakFile: PakFile PathHashIndexSize=101
[2022.02.26-16.23.52:604][  0]LogPakFile: PakFile FullDirectoryIndexSize=146
[2022.02.26-16.23.52:604][  0]LogShaderLibrary: Display: ShaderCodeLibraryPakFileMountedCallback: PakFile 'D:/Program Files/EGS/Epic Games/UE_4.27/FeaturePacks/TP_VehicleAdv.upack' (chunk index -1, root 'root:/') mounted
[2022.02.26-16.23.52:604][  0]LogShaderLibrary: Display: ShaderCodeLibraryPakFileMountedCallback: pending pak file info (ChunkID:-1 Root:root:/ File:D:/Program Files/EGS/Epic Games/UE_4.27/FeaturePacks/TP_VehicleAdv.upack)
[2022.02.26-16.23.52:604][  0]LogPakFile: OnPakFileMounted2Time == 0.000026
[2022.02.26-16.23.52:605][  0]LogPakFile: PakFile PrimaryIndexSize=188
[2022.02.26-16.23.52:605][  0]LogPakFile: PakFile PathHashIndexSize=101
[2022.02.26-16.23.52:605][  0]LogPakFile: PakFile FullDirectoryIndexSize=150
[2022.02.26-16.23.52:605][  0]LogShaderLibrary: Display: ShaderCodeLibraryPakFileMountedCallback: PakFile 'D:/Program Files/EGS/Epic Games/UE_4.27/FeaturePacks/TP_VehicleAdvBP.upack' (chunk index -1, root 'root:/') mounted
[2022.02.26-16.23.52:605][  0]LogShaderLibrary: Display: ShaderCodeLibraryPakFileMountedCallback: pending pak file info (ChunkID:-1 Root:root:/ File:D:/Program Files/EGS/Epic Games/UE_4.27/FeaturePacks/TP_VehicleAdvBP.upack)
[2022.02.26-16.23.52:605][  0]LogPakFile: OnPakFileMounted2Time == 0.000027
[2022.02.26-16.23.52:605][  0]LogPakFile: PakFile PrimaryIndexSize=185
[2022.02.26-16.23.52:605][  0]LogPakFile: PakFile PathHashIndexSize=101
[2022.02.26-16.23.52:605][  0]LogPakFile: PakFile FullDirectoryIndexSize=144
[2022.02.26-16.23.52:605][  0]LogShaderLibrary: Display: ShaderCodeLibraryPakFileMountedCallback: PakFile 'D:/Program Files/EGS/Epic Games/UE_4.27/FeaturePacks/TP_VehicleBP.upack' (chunk index -1, root 'root:/') mounted
[2022.02.26-16.23.52:605][  0]LogShaderLibrary: Display: ShaderCodeLibraryPakFileMountedCallback: pending pak file info (ChunkID:-1 Root:root:/ File:D:/Program Files/EGS/Epic Games/UE_4.27/FeaturePacks/TP_VehicleBP.upack)
[2022.02.26-16.23.52:605][  0]LogPakFile: OnPakFileMounted2Time == 0.000024
[2022.02.26-16.23.52:605][  0]LogPakFile: PakFile PrimaryIndexSize=192
[2022.02.26-16.23.52:605][  0]LogPakFile: PakFile PathHashIndexSize=101
[2022.02.26-16.23.52:605][  0]LogPakFile: PakFile FullDirectoryIndexSize=158
[2022.02.26-16.23.52:605][  0]LogShaderLibrary: Display: ShaderCodeLibraryPakFileMountedCallback: PakFile 'D:/Program Files/EGS/Epic Games/UE_4.27/FeaturePacks/TP_VirtualRealityBP.upack' (chunk index -1, root 'root:/') mounted
[2022.02.26-16.23.52:605][  0]LogShaderLibrary: Display: ShaderCodeLibraryPakFileMountedCallback: pending pak file info (ChunkID:-1 Root:root:/ File:D:/Program Files/EGS/Epic Games/UE_4.27/FeaturePacks/TP_VirtualRealityBP.upack)
[2022.02.26-16.23.52:605][  0]LogPakFile: OnPakFileMounted2Time == 0.000024
[2022.02.26-16.23.52:624][  0]LogNativeClassHierarchy: Verbose: Native class hierarchy updated for 'AddContentDialog' in 0.0002 seconds. Added 0 classes and 0 folders.
[2022.02.26-16.23.52:625][  0]LogNativeClassHierarchy: Verbose: Native class hierarchy updated for 'SceneOutliner' in 0.0002 seconds. Added 2 classes and 0 folders.
[2022.02.26-16.23.52:695][  0]LogSlate: Took 0.000075 seconds to synchronously load lazily loaded font '../../../Engine/Content/Slate/Fonts/Roboto-Regular.ttf' (155K)
[2022.02.26-16.23.52:695][  0]LogSlate: Took 0.000059 seconds to synchronously load lazily loaded font '../../../Engine/Content/Editor/Slate/Fonts/FontAwesome.ttf' (139K)
[2022.02.26-16.23.52:695][  0]LogSlate: Took 0.000065 seconds to synchronously load lazily loaded font '../../../Engine/Content/Slate/Fonts/Roboto-Bold.ttf' (160K)
[2022.02.26-16.23.52:769][  0]LogRenderer: Reallocating scene render targets to support 1208x572 Format 10 NumSamples 1 (Frame:1).
[2022.02.26-16.23.52:843][  0]LogNativeClassHierarchy: Verbose: Native class hierarchy updated for 'HierarchicalLODOutliner' in 0.0002 seconds. Added 0 classes and 0 folders.
[2022.02.26-16.23.52:843][  0]LogLoad: (Engine Initialization) Total time: 8.82 seconds
[2022.02.26-16.23.52:843][  0]LogLoad: (Engine Initialization) Total Blueprint compile time: 0.00 seconds
[2022.02.26-16.23.52:885][  0]LogAssetRegistry: Asset discovery search completed in 3.0047 seconds
[2022.02.26-16.23.52:890][  0]LogCollectionManager: Fixed up redirectors for 0 collections in 0.000003 seconds (updated 0 objects)
[2022.02.26-16.23.52:891][  0]LogContentStreaming: Texture pool size now 1000 MB
[2022.02.26-16.23.52:994][  2]LogSlate: Took 0.000137 seconds to synchronously load lazily loaded font '../../../Engine/Content/Slate/Fonts/Roboto-Light.ttf' (167K)
[2022.02.26-16.23.54:597][182]LogUObjectHash: Compacting FUObjectHashTables data took   0.81ms
[2022.02.26-16.23.54:603][182]LogSlate: Took 0.000085 seconds to synchronously load lazily loaded font '../../../Engine/Content/Slate/Fonts/Roboto-Light.ttf' (167K)
[2022.02.26-16.23.54:707][182]LogAssetEditorSubsystem: Opening Asset editor for World /Game/AnnParshina/Levels/Level1_test.Level1_test
[2022.02.26-16.23.54:707][182]Cmd: MAP LOAD FILE="../../../../../../../Gjam/1/GameJam/Content/AnnParshina/Levels/Level1_test.umap" TEMPLATE=0 SHOWPROGRESS=1 FEATURELEVEL=3
[2022.02.26-16.23.54:707][182]LightingResults: New page: Lighting Build
[2022.02.26-16.23.54:707][182]LoadErrors: New page: Loading map: Level1_test.umap
[2022.02.26-16.23.54:766][182]LogWorld: UWorld::CleanupWorld for Untitled_1, bSessionEnded=true, bCleanupResources=true
[2022.02.26-16.23.54:766][182]LogSlate: InvalidateAllWidgets triggered.  All widgets were invalidated
[2022.02.26-16.23.54:766][182]MapCheck: New page: Map Check
[2022.02.26-16.23.54:766][182]LightingResults: New page: Lighting Build
[2022.02.26-16.23.54:777][182]LogAudio: Display: Audio Device unregistered from world 'None'.
[2022.02.26-16.23.54:781][182]LogUObjectHash: Compacting FUObjectHashTables data took   1.71ms
[2022.02.26-16.23.54:782][182]LogAudio: Display: Audio Device (ID: 1) registered with world 'Level1_test'.
[2022.02.26-16.23.54:846][182]LogEditorServer: Finished looking for orphan Actors (0.000 secs)
[2022.02.26-16.23.54:846][182]LogAIModule: Creating AISystem for world Level1_test
[2022.02.26-16.23.54:853][182]LogUObjectHash: Compacting FUObjectHashTables data took   0.55ms
[2022.02.26-16.23.54:855][182]Cmd: MAP CHECKDEP NOCLEARLOG
[2022.02.26-16.23.54:855][182]MapCheck: Map check complete: 0 Error(s), 0 Warning(s), took 0,05ms to complete.
[2022.02.26-16.23.54:855][182]LogFileHelpers: Loading map 'Level1_test' took 0.149
[2022.02.26-16.23.58:071][544]LogEditorViewport: Clicking on Actor (LMB): BP_Sky_Sphere_C (Sky Sphere)
[2022.02.26-16.26.41:052][  9]LogSlate: Window 'Save Level As' being destroyed
[2022.02.26-16.27.04:797][ 56]LogEditorViewport: Clicking on Actor (LMB): BP_Sky_Sphere_C (Sky Sphere)
[2022.02.26-16.30.26:637][890]LogSlate: Window 'FBX Export Options' being destroyed
[2022.02.26-16.30.26:755][890]LogFbx: Warning: FBX version number for this version of the FBX SDK is 7.7.0


[2022.02.26-16.31.08:250][781]LogSlate: Window 'Source Control Login' being destroyed
[2022.02.26-16.31.14:792][479]LogEditorViewport: Clicking on Actor (LMB): BP_Sky_Sphere_C (Sky Sphere)
[2022.02.26-16.31.45:336][460]Cmd: OBJ SAVEPACKAGE PACKAGE="/Game/AnnParshina/Levels/Level1_test" FILE="../../../../../../../Gjam/1/GameJam/Content/AnnParshina/Levels/Level1_test.umap" SILENT=true AUTOSAVING=false KEEPDIRTY=false
[2022.02.26-16.31.45:342][460]LogUObjectHash: Compacting FUObjectHashTables data took   0.71ms
[2022.02.26-16.31.45:351][460]LogSavePackage: Moving '../../../../../../../Gjam/1/GameJam/Saved/Level1_testCD08698746D419986104F586C8CE7390.tmp' to '../../../../../../../Gjam/1/GameJam/Content/AnnParshina/Levels/Level1_test.umap'
[2022.02.26-16.31.45:396][460]Cmd: OBJ SAVEPACKAGE PACKAGE="/Game/AnnParshina/Levels/Level1_test_BuiltData" FILE="../../../../../../../Gjam/1/GameJam/Content/AnnParshina/Levels/Level1_test_BuiltData.uasset" SILENT=true
[2022.02.26-16.31.45:411][460]LogSavePackage: Moving '../../../../../../../Gjam/1/GameJam/Saved/Level1_test_BuiltData8F04B6A7443147D5193138B76DF7FE7F.tmp' to '../../../../../../../Gjam/1/GameJam/Content/AnnParshina/Levels/Level1_test_BuiltData.uasset'
[2022.02.26-16.31.45:419][460]AssetCheck: New page: Asset Save: multiple assets
[2022.02.26-16.31.45:419][460]LogContentValidation: Display: Validating MapBuildDataRegistry /Game/AnnParshina/Levels/Level1_test_BuiltData.Level1_test_BuiltData
[2022.02.26-16.31.45:419][460]LogContentValidation: Display: Validating World /Game/AnnParshina/Levels/Level1_test.Level1_test
[2022.02.26-16.31.53:605][407]LogEditorViewport: Clicking on Actor (LMB): StaticMeshActor (Cube3)
[2022.02.26-16.31.59:719][ 94]Cmd: OBJ SAVEPACKAGE PACKAGE="/Game/AnnParshina/Levels/Level1_test" FILE="../../../../../../../Gjam/1/GameJam/Content/AnnParshina/Levels/Level1_test.umap" SILENT=true AUTOSAVING=false KEEPDIRTY=false
[2022.02.26-16.31.59:725][ 94]LogUObjectHash: Compacting FUObjectHashTables data took   0.59ms
[2022.02.26-16.31.59:733][ 94]LogSavePackage: Moving '../../../../../../../Gjam/1/GameJam/Saved/Level1_test7DEBF3BA4A6BC47C711B328C3EDBC456.tmp' to '../../../../../../../Gjam/1/GameJam/Content/AnnParshina/Levels/Level1_test.umap'
[2022.02.26-16.31.59:780][ 94]Cmd: OBJ SAVEPACKAGE PACKAGE="/Game/AnnParshina/Levels/Level1_test_BuiltData" FILE="../../../../../../../Gjam/1/GameJam/Content/AnnParshina/Levels/Level1_test_BuiltData.uasset" SILENT=true
[2022.02.26-16.31.59:793][ 94]LogSavePackage: Moving '../../../../../../../Gjam/1/GameJam/Saved/Level1_test_BuiltDataF0244BAB431FBC1A02D898816F0E8C34.tmp' to '../../../../../../../Gjam/1/GameJam/Content/AnnParshina/Levels/Level1_test_BuiltData.uasset'
[2022.02.26-16.31.59:798][ 94]AssetCheck: New page: Asset Save: multiple assets
[2022.02.26-16.31.59:798][ 94]LogContentValidation: Display: Validating MapBuildDataRegistry /Game/AnnParshina/Levels/Level1_test_BuiltData.Level1_test_BuiltData
[2022.02.26-16.31.59:798][ 94]LogContentValidation: Display: Validating World /Game/AnnParshina/Levels/Level1_test.Level1_test
[2022.02.26-16.33.53:797][ 38]LogWindowsTextInputMethodSystem: Display: IME system deactivated.
[2022.02.26-16.33.53:797][ 38]LogWindowsTextInputMethodSystem: Display: IME system deactivated.
